

Microchip Technology PIC18 LITE Macro Assembler V1.41 build -162212810 
                                                                                               Fri Sep 04 08:39:53 2020

Microchip Technology Omniscient Code Generator v1.41 (Free mode) build 201701250102
     1                           	processor	18F4550
     2                           	fnconf	rparam,??,?,0
     3                           	opt	pw 120
     4                           	opt	lm
     5                           	psect	idataCOMRAM,global,class=CODE,delta=1,noexec
     6                           	psect	smallconst,global,reloc=2,class=SMALLCONST,delta=1,noexec
     7                           	psect	cinit,global,reloc=2,class=CODE,delta=1
     8                           	psect	bssCOMRAM,global,class=COMRAM,space=1,delta=1,noexec
     9                           	psect	dataCOMRAM,global,class=COMRAM,space=1,delta=1,noexec
    10                           	psect	cstackCOMRAM,global,class=COMRAM,space=1,delta=1,noexec
    11                           	psect	text0,global,reloc=2,class=CODE,delta=1
    12                           	psect	text1,global,reloc=2,class=CODE,delta=1
    13                           	psect	intsave_regs,global,class=BIGRAM,space=1,delta=1,noexec
    14                           	psect	rparam,global,class=COMRAM,space=1,delta=1,noexec
    15  0000                     
    16                           ; Version 1.41
    17                           ; Generated 25/01/2017 GMT
    18                           ; 
    19                           ; Copyright © 2017, Microchip Technology Inc. and its subsidiaries ("Microchip")
    20                           ; All rights reserved.
    21                           ; 
    22                           ; This software is developed by Microchip Technology Inc. and its subsidiaries ("Microch
      +                          ip").
    23                           ; 
    24                           ; Redistribution and use in source and binary forms, with or without modification, are
    25                           ; permitted provided that the following conditions are met:
    26                           ; 
    27                           ;     1. Redistributions of source code must retain the above copyright notice, this lis
      +                          t of
    28                           ;        conditions and the following disclaimer.
    29                           ; 
    30                           ;     2. Redistributions in binary form must reproduce the above copyright notice, this 
      +                          list
    31                           ;        of conditions and the following disclaimer in the documentation and/or other
    32                           ;        materials provided with the distribution.
    33                           ; 
    34                           ;     3. Microchip's name may not be used to endorse or promote products derived from th
      +                          is
    35                           ;        software without specific prior written permission.
    36                           ; 
    37                           ; THIS SOFTWARE IS PROVIDED BY MICROCHIP "AS IS" AND ANY EXPRESS OR IMPLIED WARRANTIES,
    38                           ; INCLUDING, BUT NOT LIMITED TO, THE IMPLIED WARRANTIES OF MERCHANTABILITY AND FITNESS F
      +                          OR
    39                           ; PURPOSE ARE DISCLAIMED.  IN NO EVENT SHALL MICROCHIP BE LIABLE FOR ANY DIRECT, INDIREC
      +                          T,
    40                           ; INCIDENTAL, SPECIAL, EXEMPLARY, OR CONSEQUENTIAL DAMAGES (INCLUDING BUT NOT LIMITED TO
    41                           ; PROCUREMENT OF SUBSTITUTE GOODS OR SERVICES; LOSS OF USE, DATA OR PROFITS; OR BUSINESS
    42                           ; INTERRUPTION) HOWSOEVER CAUSED AND ON ANY THEORY OF LIABILITY, WHETHER IN CONTRACT, ST
      +                          RICT
    43                           ; LIABILITY, OR TORT (INCLUDING NEGLIGENCE OR OTHERWISE) ARISING IN ANY WAY OUT OF THE U
      +                          SE OF
    44                           ; THIS SOFTWARE, EVEN IF ADVISED OF THE POSSIBILITY OF SUCH DAMAGE.
    45                           ; 
    46                           ; 
    47                           ; Code-generator required, PIC18F4550 Definitions
    48                           ; 
    49                           ; SFR Addresses
    50  0000                     
    51                           	psect	idataCOMRAM
    52  0008B6                     __pidataCOMRAM:
    53                           	opt stack 0
    54                           
    55                           ;initializer for EscreveInteiroLCD@F4004
    56  0008B6  30                 	db	48
    57  0008B7  30                 	db	48
    58  0008B8  30                 	db	48
    59  0008B9  30                 	db	48
    60  0008BA  30                 	db	48
    61  0008BB  30                 	db	48
    62  0008BC  00                 	db	0
    63                           
    64                           	psect	smallconst
    65  000800                     __psmallconst:
    66                           	opt stack 0
    67  000800  00                 	db	0
    68  000801  0001               	dw	1
    69  000803  0000               	dw	0
    70  000805  000A               	dw	10
    71  000807  0000               	dw	0
    72  000809  0064               	dw	100
    73  00080B  0000               	dw	0
    74  00080D  03E8               	dw	1000
    75  00080F  0000               	dw	0
    76  000811  2710               	dw	10000
    77  000813  0000               	dw	0
    78  000815  86A0               	dw	34464
    79  000817  0001               	dw	1
    80  000819  4240               	dw	16960
    81  00081B  000F               	dw	15
    82  00081D  9680               	dw	38528
    83  00081F  0098               	dw	152
    84  000821  E100               	dw	57600
    85  000823  05F5               	dw	1525
    86  000825  CA00               	dw	51712
    87  000827  3B9A               	dw	15258
    88  000829                     __end_of_dpowers:
    89                           	opt stack 0
    90  0000                     _PORTBbits	set	3969
    91  0000                     _LATB	set	3978
    92  0000                     _TRISB	set	3987
    93  0000                     _ADCON1	set	4033
    94  0000                     _PORTDbits	set	3971
    95  0000                     _TRISDbits	set	3989
    96  000829  25                 	db	37
    97  00082A  6C                 	db	108	;'l'
    98  00082B  75                 	db	117	;'u'
    99  00082C  2E                 	db	46
   100  00082D  25                 	db	37
   101  00082E  36                 	db	54	;'6'
   102  00082F  2E                 	db	46
   103  000830  36                 	db	54	;'6'
   104  000831  6C                 	db	108	;'l'
   105  000832  75                 	db	117	;'u'
   106  000833  00                 	db	0
   107  000834  00                 	db	0	; dummy byte at the end
   108  0000                     
   109                           ; #config settings
   110                           
   111                           	psect	cinit
   112  000836                     __pcinit:
   113                           	opt stack 0
   114  000836                     start_initialization:
   115                           	opt stack 0
   116  000836                     __initialization:
   117                           	opt stack 0
   118                           
   119                           ; Initialize objects allocated to COMRAM (7 bytes)
   120                           ; load TBLPTR registers with __pidataCOMRAM
   121  000836  0EB6               	movlw	low __pidataCOMRAM
   122  000838  6EF6               	movwf	tblptrl,c
   123  00083A  0E08               	movlw	high __pidataCOMRAM
   124  00083C  6EF7               	movwf	tblptrh,c
   125  00083E  0E00               	movlw	low (__pidataCOMRAM shr (0+16))
   126  000840  6EF8               	movwf	tblptru,c
   127  000842  EE00  F012         	lfsr	0,__pdataCOMRAM
   128  000846  EE10 F007          	lfsr	1,7
   129  00084A                     copy_data0:
   130  00084A  0009               	tblrd		*+
   131  00084C  CFF5 FFEE          	movff	tablat,postinc0
   132  000850  50E5               	movf	postdec1,w,c
   133  000852  50E1               	movf	fsr1l,w,c
   134  000854  E1FA               	bnz	copy_data0
   135                           
   136                           ; Clear objects allocated to COMRAM (17 bytes)
   137  000856  EE00  F001         	lfsr	0,__pbssCOMRAM
   138  00085A  0E11               	movlw	17
   139  00085C                     clear_0:
   140  00085C  6AEE               	clrf	postinc0,c
   141  00085E  06E8               	decf	wreg,f,c
   142  000860  E1FD               	bnz	clear_0
   143  000862                     end_of_initialization:
   144                           	opt stack 0
   145  000862                     __end_of__initialization:
   146                           	opt stack 0
   147  000862  0E00               	movlw	low (__Lmediumconst shr (0+16))
   148  000864  6EF8               	movwf	tblptru,c
   149  000866  0100               	movlb	0
   150  000868  EF36  F004         	goto	_main	;jump to C main() function
   151                           tblptru	equ	0xFF8
   152                           tblptrh	equ	0xFF7
   153                           tblptrl	equ	0xFF6
   154                           tablat	equ	0xFF5
   155                           postinc0	equ	0xFEE
   156                           wreg	equ	0xFE8
   157                           postdec1	equ	0xFE5
   158                           fsr1l	equ	0xFE1
   159                           
   160                           	psect	bssCOMRAM
   161  000001                     __pbssCOMRAM:
   162                           	opt stack 0
   163  000001                     ftoa@buf:
   164                           	opt stack 0
   165  000001                     	ds	17
   166                           tblptru	equ	0xFF8
   167                           tblptrh	equ	0xFF7
   168                           tblptrl	equ	0xFF6
   169                           tablat	equ	0xFF5
   170                           postinc0	equ	0xFEE
   171                           wreg	equ	0xFE8
   172                           postdec1	equ	0xFE5
   173                           fsr1l	equ	0xFE1
   174                           
   175                           	psect	dataCOMRAM
   176  000012                     __pdataCOMRAM:
   177                           	opt stack 0
   178  000012                     EscreveInteiroLCD@F4004:
   179                           	opt stack 0
   180  000012                     	ds	7
   181                           tblptru	equ	0xFF8
   182                           tblptrh	equ	0xFF7
   183                           tblptrl	equ	0xFF6
   184                           tablat	equ	0xFF5
   185                           postinc0	equ	0xFEE
   186                           wreg	equ	0xFE8
   187                           postdec1	equ	0xFE5
   188                           fsr1l	equ	0xFE1
   189                           
   190                           	psect	cstackCOMRAM
   191  000019                     __pcstackCOMRAM:
   192                           	opt stack 0
   193  000019                     delay_ms@tempodeatraso:
   194                           	opt stack 0
   195                           
   196                           ; 2 bytes @ 0x0
   197  000019                     	ds	2
   198  00001B                     ??_delay_ms:
   199                           
   200                           ; 1 bytes @ 0x2
   201  00001B                     	ds	1
   202  00001C                     tblptru	equ	0xFF8
   203                           tblptrh	equ	0xFF7
   204                           tblptrl	equ	0xFF6
   205                           tablat	equ	0xFF5
   206                           postinc0	equ	0xFEE
   207                           wreg	equ	0xFE8
   208                           postdec1	equ	0xFE5
   209                           fsr1l	equ	0xFE1
   210                           
   211                           ; 1 bytes @ 0x3
   212 ;;
   213 ;;Main: autosize = 0, tempsize = 0, incstack = 0, save=0
   214 ;;
   215 ;; *************** function _main *****************
   216 ;; Defined at:
   217 ;;		line 44 in file "Pisca_led.c"
   218 ;; Parameters:    Size  Location     Type
   219 ;;		None
   220 ;; Auto vars:     Size  Location     Type
   221 ;;		None
   222 ;; Return value:  Size  Location     Type
   223 ;;                  1    wreg      void 
   224 ;; Registers used:
   225 ;;		wreg, status,2, status,0, cstack
   226 ;; Tracked objects:
   227 ;;		On entry : 0/0
   228 ;;		On exit  : 0/0
   229 ;;		Unchanged: 0/0
   230 ;; Data sizes:     COMRAM   BANK0   BANK1   BANK2   BANK3   BANK4   BANK5   BANK6   BANK7
   231 ;;      Params:         0       0       0       0       0       0       0       0       0
   232 ;;      Locals:         0       0       0       0       0       0       0       0       0
   233 ;;      Temps:          0       0       0       0       0       0       0       0       0
   234 ;;      Totals:         0       0       0       0       0       0       0       0       0
   235 ;;Total ram usage:        0 bytes
   236 ;; Hardware stack levels required when called:    1
   237 ;; This function calls:
   238 ;;		_delay_ms
   239 ;; This function is called by:
   240 ;;		Startup code after reset
   241 ;; This function uses a non-reentrant model
   242 ;;
   243                           
   244                           	psect	text0
   245  00086C                     __ptext0:
   246                           	opt stack 0
   247  00086C                     _main:
   248                           	opt stack 30
   249                           
   250                           ;Pisca_led.c: 46: ADCON1 = 0X0F;
   251                           
   252                           ;incstack = 0
   253  00086C  0E0F               	movlw	15
   254  00086E  6EC1               	movwf	4033,c	;volatile
   255                           
   256                           ;Pisca_led.c: 47: TRISB = 0X00;
   257  000870  0E00               	movlw	0
   258  000872  6E93               	movwf	3987,c	;volatile
   259                           
   260                           ;Pisca_led.c: 48: LATB = 0XFF;
   261  000874  688A               	setf	3978,c	;volatile
   262  000876                     l1162:
   263                           
   264                           ;Pisca_led.c: 51: PORTBbits.RB7 = 1;
   265  000876  8E81               	bsf	3969,7,c	;volatile
   266                           
   267                           ;Pisca_led.c: 52: delay_ms(500);
   268  000878  0E01               	movlw	1
   269  00087A  6E1A               	movwf	delay_ms@tempodeatraso+1,c
   270  00087C  0EF4               	movlw	244
   271  00087E  6E19               	movwf	delay_ms@tempodeatraso,c
   272  000880  EC4A  F004         	call	_delay_ms	;wreg free
   273                           
   274                           ;Pisca_led.c: 53: PORTBbits.RB7 = 0;
   275  000884  9E81               	bcf	3969,7,c	;volatile
   276                           
   277                           ;Pisca_led.c: 54: delay_ms(500);
   278  000886  0E01               	movlw	1
   279  000888  6E1A               	movwf	delay_ms@tempodeatraso+1,c
   280  00088A  0EF4               	movlw	244
   281  00088C  6E19               	movwf	delay_ms@tempodeatraso,c
   282  00088E  EC4A  F004         	call	_delay_ms	;wreg free
   283  000892  D7F1               	goto	l1162
   284  000894                     __end_of_main:
   285                           	opt stack 0
   286                           tblptru	equ	0xFF8
   287                           tblptrh	equ	0xFF7
   288                           tblptrl	equ	0xFF6
   289                           tablat	equ	0xFF5
   290                           postinc0	equ	0xFEE
   291                           wreg	equ	0xFE8
   292                           postdec1	equ	0xFE5
   293                           fsr1l	equ	0xFE1
   294                           
   295 ;; *************** function _delay_ms *****************
   296 ;; Defined at:
   297 ;;		line 70 in file "Pisca_led.c"
   298 ;; Parameters:    Size  Location     Type
   299 ;;  tempodeatras    2    0[COMRAM] unsigned int 
   300 ;; Auto vars:     Size  Location     Type
   301 ;;		None
   302 ;; Return value:  Size  Location     Type
   303 ;;                  1    wreg      void 
   304 ;; Registers used:
   305 ;;		wreg, status,2, status,0
   306 ;; Tracked objects:
   307 ;;		On entry : 0/0
   308 ;;		On exit  : 0/0
   309 ;;		Unchanged: 0/0
   310 ;; Data sizes:     COMRAM   BANK0   BANK1   BANK2   BANK3   BANK4   BANK5   BANK6   BANK7
   311 ;;      Params:         2       0       0       0       0       0       0       0       0
   312 ;;      Locals:         0       0       0       0       0       0       0       0       0
   313 ;;      Temps:          1       0       0       0       0       0       0       0       0
   314 ;;      Totals:         3       0       0       0       0       0       0       0       0
   315 ;;Total ram usage:        3 bytes
   316 ;; Hardware stack levels used:    1
   317 ;; This function calls:
   318 ;;		Nothing
   319 ;; This function is called by:
   320 ;;		_main
   321 ;; This function uses a non-reentrant model
   322 ;;
   323                           
   324                           	psect	text1
   325  000894                     __ptext1:
   326                           	opt stack 0
   327  000894                     _delay_ms:
   328                           	opt stack 30
   329                           
   330                           ;Pisca_led.c: 72: while(--tempodeatraso){
   331                           
   332                           ;incstack = 0
   333  000894  D008               	goto	l1156
   334  000896                     l1154:
   335                           
   336                           ;Pisca_led.c: 73: _delay((unsigned long)((1)*(48000000/4000.0)));
   337  000896  0E10               	movlw	16
   338  000898  6E1B               	movwf	??_delay_ms& (0+255),c
   339  00089A  0E94               	movlw	148
   340  00089C                     u397:
   341  00089C  2EE8               	decfsz	wreg,f,c
   342  00089E  D7FE               	bra	u397
   343  0008A0  2E1B               	decfsz	??_delay_ms& (0+255),f,c
   344  0008A2  D7FC               	bra	u397
   345  0008A4  D000               	nop2	
   346  0008A6                     l1156:
   347  0008A6  0619               	decf	delay_ms@tempodeatraso,f,c
   348  0008A8  A0D8               	btfss	status,0,c
   349  0008AA  061A               	decf	delay_ms@tempodeatraso+1,f,c
   350  0008AC  5019               	movf	delay_ms@tempodeatraso,w,c
   351  0008AE  101A               	iorwf	delay_ms@tempodeatraso+1,w,c
   352  0008B0  B4D8               	btfsc	status,2,c
   353  0008B2  0012               	return	
   354  0008B4  D7F0               	goto	l1154
   355  0008B6                     __end_of_delay_ms:
   356                           	opt stack 0
   357                           tblptru	equ	0xFF8
   358                           tblptrh	equ	0xFF7
   359                           tblptrl	equ	0xFF6
   360                           tablat	equ	0xFF5
   361                           postinc0	equ	0xFEE
   362                           wreg	equ	0xFE8
   363                           postdec1	equ	0xFE5
   364                           fsr1l	equ	0xFE1
   365                           status	equ	0xFD8
   366                           tblptru	equ	0xFF8
   367                           tblptrh	equ	0xFF7
   368                           tblptrl	equ	0xFF6
   369                           tablat	equ	0xFF5
   370                           postinc0	equ	0xFEE
   371                           wreg	equ	0xFE8
   372                           postdec1	equ	0xFE5
   373                           fsr1l	equ	0xFE1
   374                           status	equ	0xFD8
   375                           
   376                           	psect	rparam
   377  0000                     tblptru	equ	0xFF8
   378                           tblptrh	equ	0xFF7
   379                           tblptrl	equ	0xFF6
   380                           tablat	equ	0xFF5
   381                           postinc0	equ	0xFEE
   382                           wreg	equ	0xFE8
   383                           postdec1	equ	0xFE5
   384                           fsr1l	equ	0xFE1
   385                           status	equ	0xFD8


Data Sizes:
    Strings     11
    Constant    40
    Data        7
    BSS         17
    Persistent  0
    Stack       0

Auto Spaces:
    Space          Size  Autos    Used
    COMRAM           95      3      27
    BANK0           160      0       0
    BANK1           256      0       0
    BANK2           256      0       0
    BANK3           256      0       0
    BANK4           256      0       0
    BANK5           256      0       0
    BANK6           256      0       0
    BANK7           256      0       0

Pointer List with Targets:

    sp__utoa	PTR unsigned char  size(2) Largest target is 7
		 -> EscreveInteiroLCD@texto(COMRAM[7]), 

    sp__ftoa	PTR unsigned char  size(2) Largest target is 17
		 -> ftoa@buf(COMRAM[17]), 

    sp__itoa	PTR unsigned char  size(2) Largest target is 7
		 -> EscreveInteiroLCD@texto(COMRAM[7]), 


Critical Paths under _main in COMRAM

    _main->_delay_ms

Critical Paths under _main in BANK0

    None.

Critical Paths under _main in BANK1

    None.

Critical Paths under _main in BANK2

    None.

Critical Paths under _main in BANK3

    None.

Critical Paths under _main in BANK4

    None.

Critical Paths under _main in BANK5

    None.

Critical Paths under _main in BANK6

    None.

Critical Paths under _main in BANK7

    None.

Call Graph Tables:

 ---------------------------------------------------------------------------------
 (Depth) Function   	        Calls       Base Space   Used Autos Params    Refs
 ---------------------------------------------------------------------------------
 (0) _main                                                 0     0      0     150
                           _delay_ms
 ---------------------------------------------------------------------------------
 (1) _delay_ms                                             3     1      2     150
                                              0 COMRAM     3     1      2
 ---------------------------------------------------------------------------------
 Estimated maximum stack depth 1
 ---------------------------------------------------------------------------------

 Call Graph Graphs:

 _main (ROOT)
   _delay_ms

 Address spaces:
Name               Size   Autos  Total    Cost      Usage
BIGRAM             7FF      0       0      21        0.0%
EEDATA             100      0       0       0        0.0%
BITBANK7           100      0       0      18        0.0%
BANK7              100      0       0      19        0.0%
BITBANK6           100      0       0      16        0.0%
BANK6              100      0       0      17        0.0%
BITBANK5           100      0       0      14        0.0%
BANK5              100      0       0      15        0.0%
BITBANK4           100      0       0      12        0.0%
BANK4              100      0       0      13        0.0%
BITBANK3           100      0       0      10        0.0%
BANK3              100      0       0      11        0.0%
BITBANK2           100      0       0       8        0.0%
BANK2              100      0       0       9        0.0%
BITBANK1           100      0       0       6        0.0%
BANK1              100      0       0       7        0.0%
BITBANK0            A0      0       0       4        0.0%
BANK0               A0      0       0       5        0.0%
BITCOMRAM           5F      0       0       0        0.0%
COMRAM              5F      3      1B       1       28.4%
BITSFR               0      0       0     200        0.0%
SFR                  0      0       0     200        0.0%
STACK                0      0       0       2        0.0%
NULL                 0      0       0       0        0.0%
ABS                  0      0      1B      20        0.0%
DATA                 0      0      1B       3        0.0%
CODE                 0      0       0       0        0.0%


Microchip Technology PIC18 Macro Assembler V1.41 build -162212810 
Symbol Table                                                                                   Fri Sep 04 08:39:53 2020

                    u397 089C                      wreg 000FE8                     l1154 0896  
                   l1162 0876                     l1156 08A6                     STR_1 0829  
                   _LATB 000F8A                     _main 086C                     fsr1l 000FE1  
                   start 0000             ___param_bank 000000                    ?_main 0019  
                  _TRISB 000F93          __end_of_dpowers 0829                    tablat 000FF5  
                  status 000FD8          __initialization 0836             __end_of_main 0894  
                 ??_main 001C            __activetblptr 000002                   _ADCON1 000FC1  
       __end_of_delay_ms 08B6                   clear_0 085C             __pdataCOMRAM 0012  
           __mediumconst 0000                   tblptrh 000FF7                   tblptrl 000FF6  
                 tblptru 000FF8               __accesstop 0060  __end_of__initialization 0862  
          ___rparam_used 000001           __pcstackCOMRAM 0019                ?_delay_ms 0019  
                __Hparam 0000                  __Lparam 0000             __psmallconst 0800  
                __pcinit 0836                  __ramtop 0800                  __ptext0 086C  
                __ptext1 0894                  _dpowers 0801               ??_delay_ms 001B  
   end_of_initialization 0862                  ftoa@buf 0001            __Lmediumconst 0000  
                postdec1 000FE5                  postinc0 000FEE                _PORTBbits 000F81  
              _PORTDbits 000F83                _TRISDbits 000F95            __pidataCOMRAM 08B6  
    start_initialization 0836              __pbssCOMRAM 0001        __size_of_delay_ms 0022  
 EscreveInteiroLCD@F4004 0012              __smallconst 0800                copy_data0 084A  
  delay_ms@tempodeatraso 0019                 __Hrparam 0000                 __Lrparam 0000  
               _delay_ms 0894            __size_of_main 0028  
