

Microchip Technology PIC18 LITE Macro Assembler V1.41 build -162212810 
                                                                                               Sat Sep 19 15:31:42 2020

Microchip Technology Omniscient Code Generator v1.41 (Free mode) build 201701250102
     1                           	processor	18F4550
     2                           	fnconf	rparam,??,?,0
     3                           	opt	pw 120
     4                           	opt	lm
     5                           	psect	idataCOMRAM,global,class=CODE,delta=1,noexec
     6                           	psect	smallconst,global,reloc=2,class=SMALLCONST,delta=1,noexec
     7                           	psect	cinit,global,reloc=2,class=CODE,delta=1
     8                           	psect	bssCOMRAM,global,class=COMRAM,space=1,delta=1,noexec
     9                           	psect	dataCOMRAM,global,class=COMRAM,space=1,delta=1,noexec
    10                           	psect	cstackCOMRAM,global,class=COMRAM,space=1,delta=1,noexec
    11                           	psect	text0,global,reloc=2,class=CODE,delta=1
    12                           	psect	text1,global,reloc=2,class=CODE,delta=1
    13                           	psect	intsave_regs,global,class=BIGRAM,space=1,delta=1,noexec
    14                           	psect	rparam,global,class=COMRAM,space=1,delta=1,noexec
    15  0000                     
    16                           ; Version 1.41
    17                           ; Generated 25/01/2017 GMT
    18                           ; 
    19                           ; Copyright © 2017, Microchip Technology Inc. and its subsidiaries ("Microchip")
    20                           ; All rights reserved.
    21                           ; 
    22                           ; This software is developed by Microchip Technology Inc. and its subsidiaries ("Microch
      +                          ip").
    23                           ; 
    24                           ; Redistribution and use in source and binary forms, with or without modification, are
    25                           ; permitted provided that the following conditions are met:
    26                           ; 
    27                           ;     1. Redistributions of source code must retain the above copyright notice, this lis
      +                          t of
    28                           ;        conditions and the following disclaimer.
    29                           ; 
    30                           ;     2. Redistributions in binary form must reproduce the above copyright notice, this 
      +                          list
    31                           ;        of conditions and the following disclaimer in the documentation and/or other
    32                           ;        materials provided with the distribution.
    33                           ; 
    34                           ;     3. Microchip's name may not be used to endorse or promote products derived from th
      +                          is
    35                           ;        software without specific prior written permission.
    36                           ; 
    37                           ; THIS SOFTWARE IS PROVIDED BY MICROCHIP "AS IS" AND ANY EXPRESS OR IMPLIED WARRANTIES,
    38                           ; INCLUDING, BUT NOT LIMITED TO, THE IMPLIED WARRANTIES OF MERCHANTABILITY AND FITNESS F
      +                          OR
    39                           ; PURPOSE ARE DISCLAIMED.  IN NO EVENT SHALL MICROCHIP BE LIABLE FOR ANY DIRECT, INDIREC
      +                          T,
    40                           ; INCIDENTAL, SPECIAL, EXEMPLARY, OR CONSEQUENTIAL DAMAGES (INCLUDING BUT NOT LIMITED TO
    41                           ; PROCUREMENT OF SUBSTITUTE GOODS OR SERVICES; LOSS OF USE, DATA OR PROFITS; OR BUSINESS
    42                           ; INTERRUPTION) HOWSOEVER CAUSED AND ON ANY THEORY OF LIABILITY, WHETHER IN CONTRACT, ST
      +                          RICT
    43                           ; LIABILITY, OR TORT (INCLUDING NEGLIGENCE OR OTHERWISE) ARISING IN ANY WAY OUT OF THE U
      +                          SE OF
    44                           ; THIS SOFTWARE, EVEN IF ADVISED OF THE POSSIBILITY OF SUCH DAMAGE.
    45                           ; 
    46                           ; 
    47                           ; Code-generator required, PIC18F4550 Definitions
    48                           ; 
    49                           ; SFR Addresses
    50  0000                     
    51                           	psect	idataCOMRAM
    52  000984                     __pidataCOMRAM:
    53                           	opt stack 0
    54                           
    55                           ;initializer for EscreveInteiroLCD@F4004
    56  000984  30                 	db	48
    57  000985  30                 	db	48
    58  000986  30                 	db	48
    59  000987  30                 	db	48
    60  000988  30                 	db	48
    61  000989  30                 	db	48
    62  00098A  00                 	db	0
    63                           
    64                           	psect	smallconst
    65  000800                     __psmallconst:
    66                           	opt stack 0
    67  000800  00                 	db	0
    68  000801  0001               	dw	1
    69  000803  0000               	dw	0
    70  000805  000A               	dw	10
    71  000807  0000               	dw	0
    72  000809  0064               	dw	100
    73  00080B  0000               	dw	0
    74  00080D  03E8               	dw	1000
    75  00080F  0000               	dw	0
    76  000811  2710               	dw	10000
    77  000813  0000               	dw	0
    78  000815  86A0               	dw	34464
    79  000817  0001               	dw	1
    80  000819  4240               	dw	16960
    81  00081B  000F               	dw	15
    82  00081D  9680               	dw	38528
    83  00081F  0098               	dw	152
    84  000821  E100               	dw	57600
    85  000823  05F5               	dw	1525
    86  000825  CA00               	dw	51712
    87  000827  3B9A               	dw	15258
    88  000829                     __end_of_dpowers:
    89                           	opt stack 0
    90  0000                     _PORTBbits	set	3969
    91  0000                     _PORTEbits	set	3972
    92  0000                     _PORTB	set	3969
    93  0000                     _TRISE	set	3990
    94  0000                     _TRISB	set	3987
    95  0000                     _ADCON1	set	4033
    96  0000                     _PORTDbits	set	3971
    97  0000                     _TRISDbits	set	3989
    98  000829  25                 	db	37
    99  00082A  6C                 	db	108	;'l'
   100  00082B  75                 	db	117	;'u'
   101  00082C  2E                 	db	46
   102  00082D  25                 	db	37
   103  00082E  36                 	db	54	;'6'
   104  00082F  2E                 	db	46
   105  000830  36                 	db	54	;'6'
   106  000831  6C                 	db	108	;'l'
   107  000832  75                 	db	117	;'u'
   108  000833  00                 	db	0
   109  000834  00                 	db	0	; dummy byte at the end
   110  0000                     
   111                           ; #config settings
   112                           
   113                           	psect	cinit
   114  00092C                     __pcinit:
   115                           	opt stack 0
   116  00092C                     start_initialization:
   117                           	opt stack 0
   118  00092C                     __initialization:
   119                           	opt stack 0
   120                           
   121                           ; Initialize objects allocated to COMRAM (7 bytes)
   122                           ; load TBLPTR registers with __pidataCOMRAM
   123  00092C  0E84               	movlw	low __pidataCOMRAM
   124  00092E  6EF6               	movwf	tblptrl,c
   125  000930  0E09               	movlw	high __pidataCOMRAM
   126  000932  6EF7               	movwf	tblptrh,c
   127  000934  0E00               	movlw	low (__pidataCOMRAM shr (0+16))
   128  000936  6EF8               	movwf	tblptru,c
   129  000938  EE00  F012         	lfsr	0,__pdataCOMRAM
   130  00093C  EE10 F007          	lfsr	1,7
   131  000940                     copy_data0:
   132  000940  0009               	tblrd		*+
   133  000942  CFF5 FFEE          	movff	tablat,postinc0
   134  000946  50E5               	movf	postdec1,w,c
   135  000948  50E1               	movf	fsr1l,w,c
   136  00094A  E1FA               	bnz	copy_data0
   137                           
   138                           ; Clear objects allocated to COMRAM (17 bytes)
   139  00094C  EE00  F001         	lfsr	0,__pbssCOMRAM
   140  000950  0E11               	movlw	17
   141  000952                     clear_0:
   142  000952  6AEE               	clrf	postinc0,c
   143  000954  06E8               	decf	wreg,f,c
   144  000956  E1FD               	bnz	clear_0
   145  000958                     end_of_initialization:
   146                           	opt stack 0
   147  000958                     __end_of__initialization:
   148                           	opt stack 0
   149  000958  0E00               	movlw	low (__Lmediumconst shr (0+16))
   150  00095A  6EF8               	movwf	tblptru,c
   151  00095C  0100               	movlb	0
   152  00095E  EF1B  F004         	goto	_main	;jump to C main() function
   153                           tblptru	equ	0xFF8
   154                           tblptrh	equ	0xFF7
   155                           tblptrl	equ	0xFF6
   156                           tablat	equ	0xFF5
   157                           postinc0	equ	0xFEE
   158                           wreg	equ	0xFE8
   159                           postdec1	equ	0xFE5
   160                           fsr1l	equ	0xFE1
   161                           
   162                           	psect	bssCOMRAM
   163  000001                     __pbssCOMRAM:
   164                           	opt stack 0
   165  000001                     ftoa@buf:
   166                           	opt stack 0
   167  000001                     	ds	17
   168                           tblptru	equ	0xFF8
   169                           tblptrh	equ	0xFF7
   170                           tblptrl	equ	0xFF6
   171                           tablat	equ	0xFF5
   172                           postinc0	equ	0xFEE
   173                           wreg	equ	0xFE8
   174                           postdec1	equ	0xFE5
   175                           fsr1l	equ	0xFE1
   176                           
   177                           	psect	dataCOMRAM
   178  000012                     __pdataCOMRAM:
   179                           	opt stack 0
   180  000012                     EscreveInteiroLCD@F4004:
   181                           	opt stack 0
   182  000012                     	ds	7
   183                           tblptru	equ	0xFF8
   184                           tblptrh	equ	0xFF7
   185                           tblptrl	equ	0xFF6
   186                           tablat	equ	0xFF5
   187                           postinc0	equ	0xFEE
   188                           wreg	equ	0xFE8
   189                           postdec1	equ	0xFE5
   190                           fsr1l	equ	0xFE1
   191                           
   192                           	psect	cstackCOMRAM
   193  000019                     __pcstackCOMRAM:
   194                           	opt stack 0
   195  000019                     delay_ms@tempodeatraso:
   196                           	opt stack 0
   197                           
   198                           ; 2 bytes @ 0x0
   199  000019                     	ds	2
   200  00001B                     ??_delay_ms:
   201                           
   202                           ; 1 bytes @ 0x2
   203  00001B                     	ds	1
   204  00001C                     tblptru	equ	0xFF8
   205                           tblptrh	equ	0xFF7
   206                           tblptrl	equ	0xFF6
   207                           tablat	equ	0xFF5
   208                           postinc0	equ	0xFEE
   209                           wreg	equ	0xFE8
   210                           postdec1	equ	0xFE5
   211                           fsr1l	equ	0xFE1
   212                           
   213                           ; 1 bytes @ 0x3
   214 ;;
   215 ;;Main: autosize = 0, tempsize = 0, incstack = 0, save=0
   216 ;;
   217 ;; *************** function _main *****************
   218 ;; Defined at:
   219 ;;		line 54 in file "seta.c"
   220 ;; Parameters:    Size  Location     Type
   221 ;;		None
   222 ;; Auto vars:     Size  Location     Type
   223 ;;		None
   224 ;; Return value:  Size  Location     Type
   225 ;;                  1    wreg      void 
   226 ;; Registers used:
   227 ;;		wreg, status,2, status,0, cstack
   228 ;; Tracked objects:
   229 ;;		On entry : 0/0
   230 ;;		On exit  : 0/0
   231 ;;		Unchanged: 0/0
   232 ;; Data sizes:     COMRAM   BANK0   BANK1   BANK2   BANK3   BANK4   BANK5   BANK6   BANK7
   233 ;;      Params:         0       0       0       0       0       0       0       0       0
   234 ;;      Locals:         0       0       0       0       0       0       0       0       0
   235 ;;      Temps:          0       0       0       0       0       0       0       0       0
   236 ;;      Totals:         0       0       0       0       0       0       0       0       0
   237 ;;Total ram usage:        0 bytes
   238 ;; Hardware stack levels required when called:    1
   239 ;; This function calls:
   240 ;;		_delay_ms
   241 ;; This function is called by:
   242 ;;		Startup code after reset
   243 ;; This function uses a non-reentrant model
   244 ;;
   245                           
   246                           	psect	text0
   247  000836                     __ptext0:
   248                           	opt stack 0
   249  000836                     _main:
   250                           	opt stack 30
   251                           
   252                           ;seta.c: 56: ADCON1 = 0X0F;
   253                           
   254                           ;incstack = 0
   255  000836  0E0F               	movlw	15
   256  000838  6EC1               	movwf	4033,c	;volatile
   257                           
   258                           ;seta.c: 57: TRISB = 0X00;
   259  00083A  0E00               	movlw	0
   260  00083C  6E93               	movwf	3987,c	;volatile
   261                           
   262                           ;seta.c: 58: TRISE = 0b11111111;
   263  00083E  6896               	setf	3990,c	;volatile
   264                           
   265                           ;seta.c: 59: PORTB = 0XFF;
   266  000840  6881               	setf	3969,c	;volatile
   267  000842                     l1239:
   268                           
   269                           ;seta.c: 63: {
   270                           ;seta.c: 64: if(PORTEbits.RE0 == 0)
   271  000842  B084               	btfsc	3972,0,c	;volatile
   272  000844  D029               	goto	l1265
   273                           
   274                           ;seta.c: 65: {
   275                           ;seta.c: 66: PORTBbits.RB4 = 0;
   276  000846  9881               	bcf	3969,4,c	;volatile
   277                           
   278                           ;seta.c: 67: delay_ms(100);
   279  000848  0E00               	movlw	0
   280  00084A  6E1A               	movwf	delay_ms@tempodeatraso+1,c
   281  00084C  0E64               	movlw	100
   282  00084E  6E19               	movwf	delay_ms@tempodeatraso,c
   283  000850  ECB1  F004         	call	_delay_ms	;wreg free
   284                           
   285                           ;seta.c: 68: PORTBbits.RB4 = 1;
   286  000854  8881               	bsf	3969,4,c	;volatile
   287                           
   288                           ;seta.c: 69: PORTBbits.RB5 = 0;
   289  000856  9A81               	bcf	3969,5,c	;volatile
   290                           
   291                           ;seta.c: 70: delay_ms(100);
   292  000858  0E00               	movlw	0
   293  00085A  6E1A               	movwf	delay_ms@tempodeatraso+1,c
   294  00085C  0E64               	movlw	100
   295  00085E  6E19               	movwf	delay_ms@tempodeatraso,c
   296  000860  ECB1  F004         	call	_delay_ms	;wreg free
   297                           
   298                           ;seta.c: 71: PORTBbits.RB5 = 1;
   299  000864  8A81               	bsf	3969,5,c	;volatile
   300                           
   301                           ;seta.c: 72: PORTBbits.RB6 = 0;
   302  000866  9C81               	bcf	3969,6,c	;volatile
   303                           
   304                           ;seta.c: 73: delay_ms(100);
   305  000868  0E00               	movlw	0
   306  00086A  6E1A               	movwf	delay_ms@tempodeatraso+1,c
   307  00086C  0E64               	movlw	100
   308  00086E  6E19               	movwf	delay_ms@tempodeatraso,c
   309  000870  ECB1  F004         	call	_delay_ms	;wreg free
   310                           
   311                           ;seta.c: 74: PORTBbits.RB6 = 1;
   312  000874  8C81               	bsf	3969,6,c	;volatile
   313                           
   314                           ;seta.c: 75: PORTBbits.RB7 = 0;
   315  000876  9E81               	bcf	3969,7,c	;volatile
   316                           
   317                           ;seta.c: 76: delay_ms(100);
   318  000878  0E00               	movlw	0
   319  00087A  6E1A               	movwf	delay_ms@tempodeatraso+1,c
   320  00087C  0E64               	movlw	100
   321  00087E  6E19               	movwf	delay_ms@tempodeatraso,c
   322  000880  ECB1  F004         	call	_delay_ms	;wreg free
   323                           
   324                           ;seta.c: 77: PORTBbits.RB4 = 1;
   325  000884  8881               	bsf	3969,4,c	;volatile
   326                           
   327                           ;seta.c: 78: PORTBbits.RB5 = 1;
   328  000886  8A81               	bsf	3969,5,c	;volatile
   329                           
   330                           ;seta.c: 79: PORTBbits.RB6 = 1;
   331  000888  8C81               	bsf	3969,6,c	;volatile
   332                           
   333                           ;seta.c: 80: PORTBbits.RB7 = 1;
   334  00088A  8E81               	bsf	3969,7,c	;volatile
   335                           
   336                           ;seta.c: 81: delay_ms(100);
   337  00088C  0E00               	movlw	0
   338  00088E  6E1A               	movwf	delay_ms@tempodeatraso+1,c
   339  000890  0E64               	movlw	100
   340  000892  6E19               	movwf	delay_ms@tempodeatraso,c
   341  000894  ECB1  F004         	call	_delay_ms	;wreg free
   342  000898                     l1265:
   343                           
   344                           ;seta.c: 82: }
   345                           ;seta.c: 83: if(PORTEbits.RE1 == 0)
   346  000898  B284               	btfsc	3972,1,c	;volatile
   347  00089A  D029               	goto	l1291
   348                           
   349                           ;seta.c: 84: {
   350                           ;seta.c: 85: PORTBbits.RB3 = 0;
   351  00089C  9681               	bcf	3969,3,c	;volatile
   352                           
   353                           ;seta.c: 86: delay_ms(100);
   354  00089E  0E00               	movlw	0
   355  0008A0  6E1A               	movwf	delay_ms@tempodeatraso+1,c
   356  0008A2  0E64               	movlw	100
   357  0008A4  6E19               	movwf	delay_ms@tempodeatraso,c
   358  0008A6  ECB1  F004         	call	_delay_ms	;wreg free
   359                           
   360                           ;seta.c: 87: PORTBbits.RB3 = 1;
   361  0008AA  8681               	bsf	3969,3,c	;volatile
   362                           
   363                           ;seta.c: 88: PORTBbits.RB2 = 0;
   364  0008AC  9481               	bcf	3969,2,c	;volatile
   365                           
   366                           ;seta.c: 89: delay_ms(100);
   367  0008AE  0E00               	movlw	0
   368  0008B0  6E1A               	movwf	delay_ms@tempodeatraso+1,c
   369  0008B2  0E64               	movlw	100
   370  0008B4  6E19               	movwf	delay_ms@tempodeatraso,c
   371  0008B6  ECB1  F004         	call	_delay_ms	;wreg free
   372                           
   373                           ;seta.c: 90: PORTBbits.RB2 = 1;
   374  0008BA  8481               	bsf	3969,2,c	;volatile
   375                           
   376                           ;seta.c: 91: PORTBbits.RB1 = 0;
   377  0008BC  9281               	bcf	3969,1,c	;volatile
   378                           
   379                           ;seta.c: 92: delay_ms(100);
   380  0008BE  0E00               	movlw	0
   381  0008C0  6E1A               	movwf	delay_ms@tempodeatraso+1,c
   382  0008C2  0E64               	movlw	100
   383  0008C4  6E19               	movwf	delay_ms@tempodeatraso,c
   384  0008C6  ECB1  F004         	call	_delay_ms	;wreg free
   385                           
   386                           ;seta.c: 93: PORTBbits.RB1 = 1;
   387  0008CA  8281               	bsf	3969,1,c	;volatile
   388                           
   389                           ;seta.c: 94: PORTBbits.RB0 = 0;
   390  0008CC  9081               	bcf	3969,0,c	;volatile
   391                           
   392                           ;seta.c: 95: delay_ms(100);
   393  0008CE  0E00               	movlw	0
   394  0008D0  6E1A               	movwf	delay_ms@tempodeatraso+1,c
   395  0008D2  0E64               	movlw	100
   396  0008D4  6E19               	movwf	delay_ms@tempodeatraso,c
   397  0008D6  ECB1  F004         	call	_delay_ms	;wreg free
   398                           
   399                           ;seta.c: 96: PORTBbits.RB3 = 1;
   400  0008DA  8681               	bsf	3969,3,c	;volatile
   401                           
   402                           ;seta.c: 97: PORTBbits.RB2 = 1;
   403  0008DC  8481               	bsf	3969,2,c	;volatile
   404                           
   405                           ;seta.c: 98: PORTBbits.RB1 = 1;
   406  0008DE  8281               	bsf	3969,1,c	;volatile
   407                           
   408                           ;seta.c: 99: PORTBbits.RB0 = 1;
   409  0008E0  8081               	bsf	3969,0,c	;volatile
   410                           
   411                           ;seta.c: 100: delay_ms(100);
   412  0008E2  0E00               	movlw	0
   413  0008E4  6E1A               	movwf	delay_ms@tempodeatraso+1,c
   414  0008E6  0E64               	movlw	100
   415  0008E8  6E19               	movwf	delay_ms@tempodeatraso,c
   416  0008EA  ECB1  F004         	call	_delay_ms	;wreg free
   417  0008EE                     l1291:
   418                           
   419                           ;seta.c: 101: }
   420                           ;seta.c: 102: if(PORTEbits.RE2 == 0)
   421  0008EE  B484               	btfsc	3972,2,c	;volatile
   422  0008F0  D7A8               	goto	l1239
   423                           
   424                           ;seta.c: 103: {
   425                           ;seta.c: 104: PORTBbits.RB3 = 0;
   426  0008F2  9681               	bcf	3969,3,c	;volatile
   427                           
   428                           ;seta.c: 105: PORTBbits.RB2 = 0;
   429  0008F4  9481               	bcf	3969,2,c	;volatile
   430                           
   431                           ;seta.c: 106: PORTBbits.RB1 = 0;
   432  0008F6  9281               	bcf	3969,1,c	;volatile
   433                           
   434                           ;seta.c: 107: PORTBbits.RB0 = 0;
   435  0008F8  9081               	bcf	3969,0,c	;volatile
   436                           
   437                           ;seta.c: 108: PORTBbits.RB4 = 0;
   438  0008FA  9881               	bcf	3969,4,c	;volatile
   439                           
   440                           ;seta.c: 109: PORTBbits.RB5 = 0;
   441  0008FC  9A81               	bcf	3969,5,c	;volatile
   442                           
   443                           ;seta.c: 110: PORTBbits.RB6 = 0;
   444  0008FE  9C81               	bcf	3969,6,c	;volatile
   445                           
   446                           ;seta.c: 111: PORTBbits.RB7 = 0;
   447  000900  9E81               	bcf	3969,7,c	;volatile
   448                           
   449                           ;seta.c: 112: delay_ms(500);
   450  000902  0E01               	movlw	1
   451  000904  6E1A               	movwf	delay_ms@tempodeatraso+1,c
   452  000906  0EF4               	movlw	244
   453  000908  6E19               	movwf	delay_ms@tempodeatraso,c
   454  00090A  ECB1  F004         	call	_delay_ms	;wreg free
   455                           
   456                           ;seta.c: 113: PORTBbits.RB3 = 1;
   457  00090E  8681               	bsf	3969,3,c	;volatile
   458                           
   459                           ;seta.c: 114: PORTBbits.RB2 = 1;
   460  000910  8481               	bsf	3969,2,c	;volatile
   461                           
   462                           ;seta.c: 115: PORTBbits.RB1 = 1;
   463  000912  8281               	bsf	3969,1,c	;volatile
   464                           
   465                           ;seta.c: 116: PORTBbits.RB0 = 1;
   466  000914  8081               	bsf	3969,0,c	;volatile
   467                           
   468                           ;seta.c: 117: PORTBbits.RB4 = 1;
   469  000916  8881               	bsf	3969,4,c	;volatile
   470                           
   471                           ;seta.c: 118: PORTBbits.RB5 = 1;
   472  000918  8A81               	bsf	3969,5,c	;volatile
   473                           
   474                           ;seta.c: 119: PORTBbits.RB6 = 1;
   475  00091A  8C81               	bsf	3969,6,c	;volatile
   476                           
   477                           ;seta.c: 120: PORTBbits.RB7 = 1;
   478  00091C  8E81               	bsf	3969,7,c	;volatile
   479                           
   480                           ;seta.c: 121: delay_ms(500);
   481  00091E  0E01               	movlw	1
   482  000920  6E1A               	movwf	delay_ms@tempodeatraso+1,c
   483  000922  0EF4               	movlw	244
   484  000924  6E19               	movwf	delay_ms@tempodeatraso,c
   485  000926  ECB1  F004         	call	_delay_ms	;wreg free
   486  00092A  D78B               	goto	l1239
   487  00092C                     __end_of_main:
   488                           	opt stack 0
   489                           tblptru	equ	0xFF8
   490                           tblptrh	equ	0xFF7
   491                           tblptrl	equ	0xFF6
   492                           tablat	equ	0xFF5
   493                           postinc0	equ	0xFEE
   494                           wreg	equ	0xFE8
   495                           postdec1	equ	0xFE5
   496                           fsr1l	equ	0xFE1
   497                           
   498 ;; *************** function _delay_ms *****************
   499 ;; Defined at:
   500 ;;		line 127 in file "seta.c"
   501 ;; Parameters:    Size  Location     Type
   502 ;;  tempodeatras    2    0[COMRAM] unsigned int 
   503 ;; Auto vars:     Size  Location     Type
   504 ;;		None
   505 ;; Return value:  Size  Location     Type
   506 ;;                  1    wreg      void 
   507 ;; Registers used:
   508 ;;		wreg, status,2, status,0
   509 ;; Tracked objects:
   510 ;;		On entry : 0/0
   511 ;;		On exit  : 0/0
   512 ;;		Unchanged: 0/0
   513 ;; Data sizes:     COMRAM   BANK0   BANK1   BANK2   BANK3   BANK4   BANK5   BANK6   BANK7
   514 ;;      Params:         2       0       0       0       0       0       0       0       0
   515 ;;      Locals:         0       0       0       0       0       0       0       0       0
   516 ;;      Temps:          1       0       0       0       0       0       0       0       0
   517 ;;      Totals:         3       0       0       0       0       0       0       0       0
   518 ;;Total ram usage:        3 bytes
   519 ;; Hardware stack levels used:    1
   520 ;; This function calls:
   521 ;;		Nothing
   522 ;; This function is called by:
   523 ;;		_main
   524 ;; This function uses a non-reentrant model
   525 ;;
   526                           
   527                           	psect	text1
   528  000962                     __ptext1:
   529                           	opt stack 0
   530  000962                     _delay_ms:
   531                           	opt stack 30
   532                           
   533                           ;seta.c: 129: while(--tempodeatraso){
   534                           
   535                           ;incstack = 0
   536  000962  D008               	goto	l1231
   537  000964                     l1229:
   538                           
   539                           ;seta.c: 130: _delay((unsigned long)((1)*(48000000/4000.0)));
   540  000964  0E10               	movlw	16
   541  000966  6E1B               	movwf	??_delay_ms& (0+255),c
   542  000968  0E94               	movlw	148
   543  00096A                     u457:
   544  00096A  2EE8               	decfsz	wreg,f,c
   545  00096C  D7FE               	bra	u457
   546  00096E  2E1B               	decfsz	??_delay_ms& (0+255),f,c
   547  000970  D7FC               	bra	u457
   548  000972  D000               	nop2	
   549  000974                     l1231:
   550  000974  0619               	decf	delay_ms@tempodeatraso,f,c
   551  000976  A0D8               	btfss	status,0,c
   552  000978  061A               	decf	delay_ms@tempodeatraso+1,f,c
   553  00097A  5019               	movf	delay_ms@tempodeatraso,w,c
   554  00097C  101A               	iorwf	delay_ms@tempodeatraso+1,w,c
   555  00097E  B4D8               	btfsc	status,2,c
   556  000980  0012               	return	
   557  000982  D7F0               	goto	l1229
   558  000984                     __end_of_delay_ms:
   559                           	opt stack 0
   560                           tblptru	equ	0xFF8
   561                           tblptrh	equ	0xFF7
   562                           tblptrl	equ	0xFF6
   563                           tablat	equ	0xFF5
   564                           postinc0	equ	0xFEE
   565                           wreg	equ	0xFE8
   566                           postdec1	equ	0xFE5
   567                           fsr1l	equ	0xFE1
   568                           status	equ	0xFD8
   569                           tblptru	equ	0xFF8
   570                           tblptrh	equ	0xFF7
   571                           tblptrl	equ	0xFF6
   572                           tablat	equ	0xFF5
   573                           postinc0	equ	0xFEE
   574                           wreg	equ	0xFE8
   575                           postdec1	equ	0xFE5
   576                           fsr1l	equ	0xFE1
   577                           status	equ	0xFD8
   578                           
   579                           	psect	rparam
   580  0000                     tblptru	equ	0xFF8
   581                           tblptrh	equ	0xFF7
   582                           tblptrl	equ	0xFF6
   583                           tablat	equ	0xFF5
   584                           postinc0	equ	0xFEE
   585                           wreg	equ	0xFE8
   586                           postdec1	equ	0xFE5
   587                           fsr1l	equ	0xFE1
   588                           status	equ	0xFD8


Data Sizes:
    Strings     11
    Constant    40
    Data        7
    BSS         17
    Persistent  0
    Stack       0

Auto Spaces:
    Space          Size  Autos    Used
    COMRAM           95      3      27
    BANK0           160      0       0
    BANK1           256      0       0
    BANK2           256      0       0
    BANK3           256      0       0
    BANK4           256      0       0
    BANK5           256      0       0
    BANK6           256      0       0
    BANK7           256      0       0

Pointer List with Targets:

    sp__utoa	PTR unsigned char  size(2) Largest target is 7
		 -> EscreveInteiroLCD@texto(COMRAM[7]), 

    sp__ftoa	PTR unsigned char  size(2) Largest target is 17
		 -> ftoa@buf(COMRAM[17]), 

    sp__itoa	PTR unsigned char  size(2) Largest target is 7
		 -> EscreveInteiroLCD@texto(COMRAM[7]), 


Critical Paths under _main in COMRAM

    _main->_delay_ms

Critical Paths under _main in BANK0

    None.

Critical Paths under _main in BANK1

    None.

Critical Paths under _main in BANK2

    None.

Critical Paths under _main in BANK3

    None.

Critical Paths under _main in BANK4

    None.

Critical Paths under _main in BANK5

    None.

Critical Paths under _main in BANK6

    None.

Critical Paths under _main in BANK7

    None.

Call Graph Tables:

 ---------------------------------------------------------------------------------
 (Depth) Function   	        Calls       Base Space   Used Autos Params    Refs
 ---------------------------------------------------------------------------------
 (0) _main                                                 0     0      0     790
                           _delay_ms
 ---------------------------------------------------------------------------------
 (1) _delay_ms                                             3     1      2     790
                                              0 COMRAM     3     1      2
 ---------------------------------------------------------------------------------
 Estimated maximum stack depth 1
 ---------------------------------------------------------------------------------

 Call Graph Graphs:

 _main (ROOT)
   _delay_ms

 Address spaces:
Name               Size   Autos  Total    Cost      Usage
BIGRAM             7FF      0       0      21        0.0%
EEDATA             100      0       0       0        0.0%
BITBANK7           100      0       0      18        0.0%
BANK7              100      0       0      19        0.0%
BITBANK6           100      0       0      16        0.0%
BANK6              100      0       0      17        0.0%
BITBANK5           100      0       0      14        0.0%
BANK5              100      0       0      15        0.0%
BITBANK4           100      0       0      12        0.0%
BANK4              100      0       0      13        0.0%
BITBANK3           100      0       0      10        0.0%
BANK3              100      0       0      11        0.0%
BITBANK2           100      0       0       8        0.0%
BANK2              100      0       0       9        0.0%
BITBANK1           100      0       0       6        0.0%
BANK1              100      0       0       7        0.0%
BITBANK0            A0      0       0       4        0.0%
BANK0               A0      0       0       5        0.0%
BITCOMRAM           5F      0       0       0        0.0%
COMRAM              5F      3      1B       1       28.4%
BITSFR               0      0       0     200        0.0%
SFR                  0      0       0     200        0.0%
STACK                0      0       0       2        0.0%
NULL                 0      0       0       0        0.0%
ABS                  0      0      1B      20        0.0%
DATA                 0      0      1B       3        0.0%
CODE                 0      0       0       0        0.0%


Microchip Technology PIC18 Macro Assembler V1.41 build -162212810 
Symbol Table                                                                                   Sat Sep 19 15:31:42 2020

                    u457 096A                      wreg 000FE8                     l1231 0974  
                   l1229 0964                     l1239 0842                     l1265 0898  
                   l1291 08EE                     STR_1 0829                     _main 0836  
                   fsr1l 000FE1                     start 0000             ___param_bank 000000  
                  ?_main 0019                    _PORTB 000F81                    _TRISB 000F93  
                  _TRISE 000F96          __end_of_dpowers 0829                    tablat 000FF5  
                  status 000FD8          __initialization 092C             __end_of_main 092C  
                 ??_main 001C            __activetblptr 000002                   _ADCON1 000FC1  
       __end_of_delay_ms 0984                   clear_0 0952             __pdataCOMRAM 0012  
           __mediumconst 0000                   tblptrh 000FF7                   tblptrl 000FF6  
                 tblptru 000FF8               __accesstop 0060  __end_of__initialization 0958  
          ___rparam_used 000001           __pcstackCOMRAM 0019                ?_delay_ms 0019  
                __Hparam 0000                  __Lparam 0000             __psmallconst 0800  
                __pcinit 092C                  __ramtop 0800                  __ptext0 0836  
                __ptext1 0962                  _dpowers 0801               ??_delay_ms 001B  
   end_of_initialization 0958                  ftoa@buf 0001            __Lmediumconst 0000  
                postdec1 000FE5                  postinc0 000FEE                _PORTBbits 000F81  
              _PORTDbits 000F83                _PORTEbits 000F84                _TRISDbits 000F95  
          __pidataCOMRAM 0984      start_initialization 092C              __pbssCOMRAM 0001  
      __size_of_delay_ms 0022   EscreveInteiroLCD@F4004 0012              __smallconst 0800  
              copy_data0 0940    delay_ms@tempodeatraso 0019                 __Hrparam 0000  
               __Lrparam 0000                 _delay_ms 0962            __size_of_main 00F6  
