

Microchip Technology PIC18 LITE Macro Assembler V1.41 build -162212810 
                                                                                               Fri Sep 18 09:56:48 2020

Microchip Technology Omniscient Code Generator v1.41 (Free mode) build 201701250102
     1                           	processor	18F4550
     2                           	fnconf	rparam,??,?,0
     3                           	opt	pw 120
     4                           	opt	lm
     5                           	psect	idataCOMRAM,global,class=CODE,delta=1,noexec
     6                           	psect	smallconst,global,reloc=2,class=SMALLCONST,delta=1,noexec
     7                           	psect	cinit,global,reloc=2,class=CODE,delta=1
     8                           	psect	bssCOMRAM,global,class=COMRAM,space=1,delta=1,noexec
     9                           	psect	dataCOMRAM,global,class=COMRAM,space=1,delta=1,noexec
    10                           	psect	cstackCOMRAM,global,class=COMRAM,space=1,delta=1,noexec
    11                           	psect	text0,global,reloc=2,class=CODE,delta=1
    12                           	psect	text1,global,reloc=2,class=CODE,delta=1
    13                           	psect	intsave_regs,global,class=BIGRAM,space=1,delta=1,noexec
    14                           	psect	rparam,global,class=COMRAM,space=1,delta=1,noexec
    15  0000                     
    16                           ; Version 1.41
    17                           ; Generated 25/01/2017 GMT
    18                           ; 
    19                           ; Copyright © 2017, Microchip Technology Inc. and its subsidiaries ("Microchip")
    20                           ; All rights reserved.
    21                           ; 
    22                           ; This software is developed by Microchip Technology Inc. and its subsidiaries ("Microch
      +                          ip").
    23                           ; 
    24                           ; Redistribution and use in source and binary forms, with or without modification, are
    25                           ; permitted provided that the following conditions are met:
    26                           ; 
    27                           ;     1. Redistributions of source code must retain the above copyright notice, this lis
      +                          t of
    28                           ;        conditions and the following disclaimer.
    29                           ; 
    30                           ;     2. Redistributions in binary form must reproduce the above copyright notice, this 
      +                          list
    31                           ;        of conditions and the following disclaimer in the documentation and/or other
    32                           ;        materials provided with the distribution.
    33                           ; 
    34                           ;     3. Microchip's name may not be used to endorse or promote products derived from th
      +                          is
    35                           ;        software without specific prior written permission.
    36                           ; 
    37                           ; THIS SOFTWARE IS PROVIDED BY MICROCHIP "AS IS" AND ANY EXPRESS OR IMPLIED WARRANTIES,
    38                           ; INCLUDING, BUT NOT LIMITED TO, THE IMPLIED WARRANTIES OF MERCHANTABILITY AND FITNESS F
      +                          OR
    39                           ; PURPOSE ARE DISCLAIMED.  IN NO EVENT SHALL MICROCHIP BE LIABLE FOR ANY DIRECT, INDIREC
      +                          T,
    40                           ; INCIDENTAL, SPECIAL, EXEMPLARY, OR CONSEQUENTIAL DAMAGES (INCLUDING BUT NOT LIMITED TO
    41                           ; PROCUREMENT OF SUBSTITUTE GOODS OR SERVICES; LOSS OF USE, DATA OR PROFITS; OR BUSINESS
    42                           ; INTERRUPTION) HOWSOEVER CAUSED AND ON ANY THEORY OF LIABILITY, WHETHER IN CONTRACT, ST
      +                          RICT
    43                           ; LIABILITY, OR TORT (INCLUDING NEGLIGENCE OR OTHERWISE) ARISING IN ANY WAY OUT OF THE U
      +                          SE OF
    44                           ; THIS SOFTWARE, EVEN IF ADVISED OF THE POSSIBILITY OF SUCH DAMAGE.
    45                           ; 
    46                           ; 
    47                           ; Code-generator required, PIC18F4550 Definitions
    48                           ; 
    49                           ; SFR Addresses
    50  0000                     
    51                           	psect	idataCOMRAM
    52  00093C                     __pidataCOMRAM:
    53                           	opt stack 0
    54                           
    55                           ;initializer for EscreveInteiroLCD@F4004
    56  00093C  30                 	db	48
    57  00093D  30                 	db	48
    58  00093E  30                 	db	48
    59  00093F  30                 	db	48
    60  000940  30                 	db	48
    61  000941  30                 	db	48
    62  000942  00                 	db	0
    63                           
    64                           	psect	smallconst
    65  000800                     __psmallconst:
    66                           	opt stack 0
    67  000800  00                 	db	0
    68  000801  0001               	dw	1
    69  000803  0000               	dw	0
    70  000805  000A               	dw	10
    71  000807  0000               	dw	0
    72  000809  0064               	dw	100
    73  00080B  0000               	dw	0
    74  00080D  03E8               	dw	1000
    75  00080F  0000               	dw	0
    76  000811  2710               	dw	10000
    77  000813  0000               	dw	0
    78  000815  86A0               	dw	34464
    79  000817  0001               	dw	1
    80  000819  4240               	dw	16960
    81  00081B  000F               	dw	15
    82  00081D  9680               	dw	38528
    83  00081F  0098               	dw	152
    84  000821  E100               	dw	57600
    85  000823  05F5               	dw	1525
    86  000825  CA00               	dw	51712
    87  000827  3B9A               	dw	15258
    88  000829                     __end_of_dpowers:
    89                           	opt stack 0
    90  0000                     _PORTBbits	set	3969
    91  0000                     _PORTEbits	set	3972
    92  0000                     _PORTB	set	3969
    93  0000                     _TRISE	set	3990
    94  0000                     _TRISB	set	3987
    95  0000                     _ADCON1	set	4033
    96  0000                     _PORTDbits	set	3971
    97  0000                     _TRISDbits	set	3989
    98  000829  25                 	db	37
    99  00082A  6C                 	db	108	;'l'
   100  00082B  75                 	db	117	;'u'
   101  00082C  2E                 	db	46
   102  00082D  25                 	db	37
   103  00082E  36                 	db	54	;'6'
   104  00082F  2E                 	db	46
   105  000830  36                 	db	54	;'6'
   106  000831  6C                 	db	108	;'l'
   107  000832  75                 	db	117	;'u'
   108  000833  00                 	db	0
   109  000834  00                 	db	0	; dummy byte at the end
   110  0000                     
   111                           ; #config settings
   112                           
   113                           	psect	cinit
   114  0008E4                     __pcinit:
   115                           	opt stack 0
   116  0008E4                     start_initialization:
   117                           	opt stack 0
   118  0008E4                     __initialization:
   119                           	opt stack 0
   120                           
   121                           ; Initialize objects allocated to COMRAM (7 bytes)
   122                           ; load TBLPTR registers with __pidataCOMRAM
   123  0008E4  0E3C               	movlw	low __pidataCOMRAM
   124  0008E6  6EF6               	movwf	tblptrl,c
   125  0008E8  0E09               	movlw	high __pidataCOMRAM
   126  0008EA  6EF7               	movwf	tblptrh,c
   127  0008EC  0E00               	movlw	low (__pidataCOMRAM shr (0+16))
   128  0008EE  6EF8               	movwf	tblptru,c
   129  0008F0  EE00  F012         	lfsr	0,__pdataCOMRAM
   130  0008F4  EE10 F007          	lfsr	1,7
   131  0008F8                     copy_data0:
   132  0008F8  0009               	tblrd		*+
   133  0008FA  CFF5 FFEE          	movff	tablat,postinc0
   134  0008FE  50E5               	movf	postdec1,w,c
   135  000900  50E1               	movf	fsr1l,w,c
   136  000902  E1FA               	bnz	copy_data0
   137                           
   138                           ; Clear objects allocated to COMRAM (17 bytes)
   139  000904  EE00  F001         	lfsr	0,__pbssCOMRAM
   140  000908  0E11               	movlw	17
   141  00090A                     clear_0:
   142  00090A  6AEE               	clrf	postinc0,c
   143  00090C  06E8               	decf	wreg,f,c
   144  00090E  E1FD               	bnz	clear_0
   145  000910                     end_of_initialization:
   146                           	opt stack 0
   147  000910                     __end_of__initialization:
   148                           	opt stack 0
   149  000910  0E00               	movlw	low (__Lmediumconst shr (0+16))
   150  000912  6EF8               	movwf	tblptru,c
   151  000914  0100               	movlb	0
   152  000916  EF1B  F004         	goto	_main	;jump to C main() function
   153                           tblptru	equ	0xFF8
   154                           tblptrh	equ	0xFF7
   155                           tblptrl	equ	0xFF6
   156                           tablat	equ	0xFF5
   157                           postinc0	equ	0xFEE
   158                           wreg	equ	0xFE8
   159                           postdec1	equ	0xFE5
   160                           fsr1l	equ	0xFE1
   161                           
   162                           	psect	bssCOMRAM
   163  000001                     __pbssCOMRAM:
   164                           	opt stack 0
   165  000001                     ftoa@buf:
   166                           	opt stack 0
   167  000001                     	ds	17
   168                           tblptru	equ	0xFF8
   169                           tblptrh	equ	0xFF7
   170                           tblptrl	equ	0xFF6
   171                           tablat	equ	0xFF5
   172                           postinc0	equ	0xFEE
   173                           wreg	equ	0xFE8
   174                           postdec1	equ	0xFE5
   175                           fsr1l	equ	0xFE1
   176                           
   177                           	psect	dataCOMRAM
   178  000012                     __pdataCOMRAM:
   179                           	opt stack 0
   180  000012                     EscreveInteiroLCD@F4004:
   181                           	opt stack 0
   182  000012                     	ds	7
   183                           tblptru	equ	0xFF8
   184                           tblptrh	equ	0xFF7
   185                           tblptrl	equ	0xFF6
   186                           tablat	equ	0xFF5
   187                           postinc0	equ	0xFEE
   188                           wreg	equ	0xFE8
   189                           postdec1	equ	0xFE5
   190                           fsr1l	equ	0xFE1
   191                           
   192                           	psect	cstackCOMRAM
   193  000019                     __pcstackCOMRAM:
   194                           	opt stack 0
   195  000019                     delay_ms@tempodeatraso:
   196                           	opt stack 0
   197                           
   198                           ; 2 bytes @ 0x0
   199  000019                     	ds	2
   200  00001B                     ??_delay_ms:
   201                           
   202                           ; 1 bytes @ 0x2
   203  00001B                     	ds	1
   204  00001C                     tblptru	equ	0xFF8
   205                           tblptrh	equ	0xFF7
   206                           tblptrl	equ	0xFF6
   207                           tablat	equ	0xFF5
   208                           postinc0	equ	0xFEE
   209                           wreg	equ	0xFE8
   210                           postdec1	equ	0xFE5
   211                           fsr1l	equ	0xFE1
   212                           
   213                           ; 1 bytes @ 0x3
   214 ;;
   215 ;;Main: autosize = 0, tempsize = 0, incstack = 0, save=0
   216 ;;
   217 ;; *************** function _main *****************
   218 ;; Defined at:
   219 ;;		line 53 in file "seta.c"
   220 ;; Parameters:    Size  Location     Type
   221 ;;		None
   222 ;; Auto vars:     Size  Location     Type
   223 ;;		None
   224 ;; Return value:  Size  Location     Type
   225 ;;                  1    wreg      void 
   226 ;; Registers used:
   227 ;;		wreg, status,2, status,0, cstack
   228 ;; Tracked objects:
   229 ;;		On entry : 0/0
   230 ;;		On exit  : 0/0
   231 ;;		Unchanged: 0/0
   232 ;; Data sizes:     COMRAM   BANK0   BANK1   BANK2   BANK3   BANK4   BANK5   BANK6   BANK7
   233 ;;      Params:         0       0       0       0       0       0       0       0       0
   234 ;;      Locals:         0       0       0       0       0       0       0       0       0
   235 ;;      Temps:          0       0       0       0       0       0       0       0       0
   236 ;;      Totals:         0       0       0       0       0       0       0       0       0
   237 ;;Total ram usage:        0 bytes
   238 ;; Hardware stack levels required when called:    1
   239 ;; This function calls:
   240 ;;		_delay_ms
   241 ;; This function is called by:
   242 ;;		Startup code after reset
   243 ;; This function uses a non-reentrant model
   244 ;;
   245                           
   246                           	psect	text0
   247  000836                     __ptext0:
   248                           	opt stack 0
   249  000836                     _main:
   250                           	opt stack 30
   251                           
   252                           ;seta.c: 55: ADCON1 = 0X0F;
   253                           
   254                           ;incstack = 0
   255  000836  0E0F               	movlw	15
   256  000838  6EC1               	movwf	4033,c	;volatile
   257                           
   258                           ;seta.c: 56: TRISB = 0X00;
   259  00083A  0E00               	movlw	0
   260  00083C  6E93               	movwf	3987,c	;volatile
   261                           
   262                           ;seta.c: 57: TRISE = 0b11111111;
   263  00083E  6896               	setf	3990,c	;volatile
   264                           
   265                           ;seta.c: 58: PORTB = 0XFF;
   266  000840  6881               	setf	3969,c	;volatile
   267  000842                     l1204:
   268                           
   269                           ;seta.c: 62: {
   270                           ;seta.c: 63: if(PORTEbits.RE0 == 0)
   271  000842  B084               	btfsc	3972,0,c	;volatile
   272  000844  D026               	goto	l1224
   273                           
   274                           ;seta.c: 64: {
   275                           ;seta.c: 65: PORTBbits.RB4 = 0;
   276  000846  9881               	bcf	3969,4,c	;volatile
   277                           
   278                           ;seta.c: 66: delay_ms(100);
   279  000848  0E00               	movlw	0
   280  00084A  6E1A               	movwf	delay_ms@tempodeatraso+1,c
   281  00084C  0E64               	movlw	100
   282  00084E  6E19               	movwf	delay_ms@tempodeatraso,c
   283  000850  EC8D  F004         	call	_delay_ms	;wreg free
   284                           
   285                           ;seta.c: 67: PORTBbits.RB5 = 0;
   286  000854  9A81               	bcf	3969,5,c	;volatile
   287                           
   288                           ;seta.c: 68: delay_ms(100);
   289  000856  0E00               	movlw	0
   290  000858  6E1A               	movwf	delay_ms@tempodeatraso+1,c
   291  00085A  0E64               	movlw	100
   292  00085C  6E19               	movwf	delay_ms@tempodeatraso,c
   293  00085E  EC8D  F004         	call	_delay_ms	;wreg free
   294                           
   295                           ;seta.c: 69: PORTBbits.RB6 = 0;
   296  000862  9C81               	bcf	3969,6,c	;volatile
   297                           
   298                           ;seta.c: 70: delay_ms(100);
   299  000864  0E00               	movlw	0
   300  000866  6E1A               	movwf	delay_ms@tempodeatraso+1,c
   301  000868  0E64               	movlw	100
   302  00086A  6E19               	movwf	delay_ms@tempodeatraso,c
   303  00086C  EC8D  F004         	call	_delay_ms	;wreg free
   304                           
   305                           ;seta.c: 71: PORTBbits.RB7 = 0;
   306  000870  9E81               	bcf	3969,7,c	;volatile
   307                           
   308                           ;seta.c: 72: delay_ms(100);
   309  000872  0E00               	movlw	0
   310  000874  6E1A               	movwf	delay_ms@tempodeatraso+1,c
   311  000876  0E64               	movlw	100
   312  000878  6E19               	movwf	delay_ms@tempodeatraso,c
   313  00087A  EC8D  F004         	call	_delay_ms	;wreg free
   314                           
   315                           ;seta.c: 73: PORTBbits.RB4 = 1;
   316  00087E  8881               	bsf	3969,4,c	;volatile
   317                           
   318                           ;seta.c: 74: PORTBbits.RB5 = 1;
   319  000880  8A81               	bsf	3969,5,c	;volatile
   320                           
   321                           ;seta.c: 75: PORTBbits.RB6 = 1;
   322  000882  8C81               	bsf	3969,6,c	;volatile
   323                           
   324                           ;seta.c: 76: PORTBbits.RB7 = 1;
   325  000884  8E81               	bsf	3969,7,c	;volatile
   326                           
   327                           ;seta.c: 77: delay_ms(100);
   328  000886  0E00               	movlw	0
   329  000888  6E1A               	movwf	delay_ms@tempodeatraso+1,c
   330  00088A  0E64               	movlw	100
   331  00088C  6E19               	movwf	delay_ms@tempodeatraso,c
   332  00088E  EC8D  F004         	call	_delay_ms	;wreg free
   333  000892                     l1224:
   334                           
   335                           ;seta.c: 78: }
   336                           ;seta.c: 79: if(PORTEbits.RE1 == 0)
   337  000892  B284               	btfsc	3972,1,c	;volatile
   338  000894  D7D6               	goto	l1204
   339                           
   340                           ;seta.c: 80: {
   341                           ;seta.c: 81: PORTBbits.RB3 = 0;
   342  000896  9681               	bcf	3969,3,c	;volatile
   343                           
   344                           ;seta.c: 82: delay_ms(100);
   345  000898  0E00               	movlw	0
   346  00089A  6E1A               	movwf	delay_ms@tempodeatraso+1,c
   347  00089C  0E64               	movlw	100
   348  00089E  6E19               	movwf	delay_ms@tempodeatraso,c
   349  0008A0  EC8D  F004         	call	_delay_ms	;wreg free
   350                           
   351                           ;seta.c: 83: PORTBbits.RB2 = 0;
   352  0008A4  9481               	bcf	3969,2,c	;volatile
   353                           
   354                           ;seta.c: 84: delay_ms(100);
   355  0008A6  0E00               	movlw	0
   356  0008A8  6E1A               	movwf	delay_ms@tempodeatraso+1,c
   357  0008AA  0E64               	movlw	100
   358  0008AC  6E19               	movwf	delay_ms@tempodeatraso,c
   359  0008AE  EC8D  F004         	call	_delay_ms	;wreg free
   360                           
   361                           ;seta.c: 85: PORTBbits.RB1 = 0;
   362  0008B2  9281               	bcf	3969,1,c	;volatile
   363                           
   364                           ;seta.c: 86: delay_ms(100);
   365  0008B4  0E00               	movlw	0
   366  0008B6  6E1A               	movwf	delay_ms@tempodeatraso+1,c
   367  0008B8  0E64               	movlw	100
   368  0008BA  6E19               	movwf	delay_ms@tempodeatraso,c
   369  0008BC  EC8D  F004         	call	_delay_ms	;wreg free
   370                           
   371                           ;seta.c: 87: PORTBbits.RB0 = 0;
   372  0008C0  9081               	bcf	3969,0,c	;volatile
   373                           
   374                           ;seta.c: 88: delay_ms(100);
   375  0008C2  0E00               	movlw	0
   376  0008C4  6E1A               	movwf	delay_ms@tempodeatraso+1,c
   377  0008C6  0E64               	movlw	100
   378  0008C8  6E19               	movwf	delay_ms@tempodeatraso,c
   379  0008CA  EC8D  F004         	call	_delay_ms	;wreg free
   380                           
   381                           ;seta.c: 89: PORTBbits.RB3 = 1;
   382  0008CE  8681               	bsf	3969,3,c	;volatile
   383                           
   384                           ;seta.c: 90: PORTBbits.RB2 = 1;
   385  0008D0  8481               	bsf	3969,2,c	;volatile
   386                           
   387                           ;seta.c: 91: PORTBbits.RB1 = 1;
   388  0008D2  8281               	bsf	3969,1,c	;volatile
   389                           
   390                           ;seta.c: 92: PORTBbits.RB0 = 1;
   391  0008D4  8081               	bsf	3969,0,c	;volatile
   392                           
   393                           ;seta.c: 93: delay_ms(100);
   394  0008D6  0E00               	movlw	0
   395  0008D8  6E1A               	movwf	delay_ms@tempodeatraso+1,c
   396  0008DA  0E64               	movlw	100
   397  0008DC  6E19               	movwf	delay_ms@tempodeatraso,c
   398  0008DE  EC8D  F004         	call	_delay_ms	;wreg free
   399  0008E2  D7AF               	goto	l1204
   400  0008E4                     __end_of_main:
   401                           	opt stack 0
   402                           tblptru	equ	0xFF8
   403                           tblptrh	equ	0xFF7
   404                           tblptrl	equ	0xFF6
   405                           tablat	equ	0xFF5
   406                           postinc0	equ	0xFEE
   407                           wreg	equ	0xFE8
   408                           postdec1	equ	0xFE5
   409                           fsr1l	equ	0xFE1
   410                           
   411 ;; *************** function _delay_ms *****************
   412 ;; Defined at:
   413 ;;		line 99 in file "seta.c"
   414 ;; Parameters:    Size  Location     Type
   415 ;;  tempodeatras    2    0[COMRAM] unsigned int 
   416 ;; Auto vars:     Size  Location     Type
   417 ;;		None
   418 ;; Return value:  Size  Location     Type
   419 ;;                  1    wreg      void 
   420 ;; Registers used:
   421 ;;		wreg, status,2, status,0
   422 ;; Tracked objects:
   423 ;;		On entry : 0/0
   424 ;;		On exit  : 0/0
   425 ;;		Unchanged: 0/0
   426 ;; Data sizes:     COMRAM   BANK0   BANK1   BANK2   BANK3   BANK4   BANK5   BANK6   BANK7
   427 ;;      Params:         2       0       0       0       0       0       0       0       0
   428 ;;      Locals:         0       0       0       0       0       0       0       0       0
   429 ;;      Temps:          1       0       0       0       0       0       0       0       0
   430 ;;      Totals:         3       0       0       0       0       0       0       0       0
   431 ;;Total ram usage:        3 bytes
   432 ;; Hardware stack levels used:    1
   433 ;; This function calls:
   434 ;;		Nothing
   435 ;; This function is called by:
   436 ;;		_main
   437 ;; This function uses a non-reentrant model
   438 ;;
   439                           
   440                           	psect	text1
   441  00091A                     __ptext1:
   442                           	opt stack 0
   443  00091A                     _delay_ms:
   444                           	opt stack 30
   445                           
   446                           ;seta.c: 101: while(--tempodeatraso){
   447                           
   448                           ;incstack = 0
   449  00091A  D008               	goto	l1196
   450  00091C                     l1194:
   451                           
   452                           ;seta.c: 102: _delay((unsigned long)((1)*(48000000/4000.0)));
   453  00091C  0E10               	movlw	16
   454  00091E  6E1B               	movwf	??_delay_ms& (0+255),c
   455  000920  0E94               	movlw	148
   456  000922                     u437:
   457  000922  2EE8               	decfsz	wreg,f,c
   458  000924  D7FE               	bra	u437
   459  000926  2E1B               	decfsz	??_delay_ms& (0+255),f,c
   460  000928  D7FC               	bra	u437
   461  00092A  D000               	nop2	
   462  00092C                     l1196:
   463  00092C  0619               	decf	delay_ms@tempodeatraso,f,c
   464  00092E  A0D8               	btfss	status,0,c
   465  000930  061A               	decf	delay_ms@tempodeatraso+1,f,c
   466  000932  5019               	movf	delay_ms@tempodeatraso,w,c
   467  000934  101A               	iorwf	delay_ms@tempodeatraso+1,w,c
   468  000936  B4D8               	btfsc	status,2,c
   469  000938  0012               	return	
   470  00093A  D7F0               	goto	l1194
   471  00093C                     __end_of_delay_ms:
   472                           	opt stack 0
   473                           tblptru	equ	0xFF8
   474                           tblptrh	equ	0xFF7
   475                           tblptrl	equ	0xFF6
   476                           tablat	equ	0xFF5
   477                           postinc0	equ	0xFEE
   478                           wreg	equ	0xFE8
   479                           postdec1	equ	0xFE5
   480                           fsr1l	equ	0xFE1
   481                           status	equ	0xFD8
   482                           tblptru	equ	0xFF8
   483                           tblptrh	equ	0xFF7
   484                           tblptrl	equ	0xFF6
   485                           tablat	equ	0xFF5
   486                           postinc0	equ	0xFEE
   487                           wreg	equ	0xFE8
   488                           postdec1	equ	0xFE5
   489                           fsr1l	equ	0xFE1
   490                           status	equ	0xFD8
   491                           
   492                           	psect	rparam
   493  0000                     tblptru	equ	0xFF8
   494                           tblptrh	equ	0xFF7
   495                           tblptrl	equ	0xFF6
   496                           tablat	equ	0xFF5
   497                           postinc0	equ	0xFEE
   498                           wreg	equ	0xFE8
   499                           postdec1	equ	0xFE5
   500                           fsr1l	equ	0xFE1
   501                           status	equ	0xFD8


Data Sizes:
    Strings     11
    Constant    40
    Data        7
    BSS         17
    Persistent  0
    Stack       0

Auto Spaces:
    Space          Size  Autos    Used
    COMRAM           95      3      27
    BANK0           160      0       0
    BANK1           256      0       0
    BANK2           256      0       0
    BANK3           256      0       0
    BANK4           256      0       0
    BANK5           256      0       0
    BANK6           256      0       0
    BANK7           256      0       0

Pointer List with Targets:

    sp__utoa	PTR unsigned char  size(2) Largest target is 7
		 -> EscreveInteiroLCD@texto(COMRAM[7]), 

    sp__ftoa	PTR unsigned char  size(2) Largest target is 17
		 -> ftoa@buf(COMRAM[17]), 

    sp__itoa	PTR unsigned char  size(2) Largest target is 7
		 -> EscreveInteiroLCD@texto(COMRAM[7]), 


Critical Paths under _main in COMRAM

    _main->_delay_ms

Critical Paths under _main in BANK0

    None.

Critical Paths under _main in BANK1

    None.

Critical Paths under _main in BANK2

    None.

Critical Paths under _main in BANK3

    None.

Critical Paths under _main in BANK4

    None.

Critical Paths under _main in BANK5

    None.

Critical Paths under _main in BANK6

    None.

Critical Paths under _main in BANK7

    None.

Call Graph Tables:

 ---------------------------------------------------------------------------------
 (Depth) Function   	        Calls       Base Space   Used Autos Params    Refs
 ---------------------------------------------------------------------------------
 (0) _main                                                 0     0      0     662
                           _delay_ms
 ---------------------------------------------------------------------------------
 (1) _delay_ms                                             3     1      2     662
                                              0 COMRAM     3     1      2
 ---------------------------------------------------------------------------------
 Estimated maximum stack depth 1
 ---------------------------------------------------------------------------------

 Call Graph Graphs:

 _main (ROOT)
   _delay_ms

 Address spaces:
Name               Size   Autos  Total    Cost      Usage
BIGRAM             7FF      0       0      21        0.0%
EEDATA             100      0       0       0        0.0%
BITBANK7           100      0       0      18        0.0%
BANK7              100      0       0      19        0.0%
BITBANK6           100      0       0      16        0.0%
BANK6              100      0       0      17        0.0%
BITBANK5           100      0       0      14        0.0%
BANK5              100      0       0      15        0.0%
BITBANK4           100      0       0      12        0.0%
BANK4              100      0       0      13        0.0%
BITBANK3           100      0       0      10        0.0%
BANK3              100      0       0      11        0.0%
BITBANK2           100      0       0       8        0.0%
BANK2              100      0       0       9        0.0%
BITBANK1           100      0       0       6        0.0%
BANK1              100      0       0       7        0.0%
BITBANK0            A0      0       0       4        0.0%
BANK0               A0      0       0       5        0.0%
BITCOMRAM           5F      0       0       0        0.0%
COMRAM              5F      3      1B       1       28.4%
BITSFR               0      0       0     200        0.0%
SFR                  0      0       0     200        0.0%
STACK                0      0       0       2        0.0%
NULL                 0      0       0       0        0.0%
ABS                  0      0      1B      20        0.0%
DATA                 0      0      1B       3        0.0%
CODE                 0      0       0       0        0.0%


Microchip Technology PIC18 Macro Assembler V1.41 build -162212810 
Symbol Table                                                                                   Fri Sep 18 09:56:48 2020

                    u437 0922                      wreg 000FE8                     l1204 0842  
                   l1224 0892                     l1194 091C                     l1196 092C  
                   STR_1 0829                     _main 0836                     fsr1l 000FE1  
                   start 0000             ___param_bank 000000                    ?_main 0019  
                  _PORTB 000F81                    _TRISB 000F93                    _TRISE 000F96  
        __end_of_dpowers 0829                    tablat 000FF5                    status 000FD8  
        __initialization 08E4             __end_of_main 08E4                   ??_main 001C  
          __activetblptr 000002                   _ADCON1 000FC1         __end_of_delay_ms 093C  
                 clear_0 090A             __pdataCOMRAM 0012             __mediumconst 0000  
                 tblptrh 000FF7                   tblptrl 000FF6                   tblptru 000FF8  
             __accesstop 0060  __end_of__initialization 0910            ___rparam_used 000001  
         __pcstackCOMRAM 0019                ?_delay_ms 0019                  __Hparam 0000  
                __Lparam 0000             __psmallconst 0800                  __pcinit 08E4  
                __ramtop 0800                  __ptext0 0836                  __ptext1 091A  
                _dpowers 0801               ??_delay_ms 001B     end_of_initialization 0910  
                ftoa@buf 0001            __Lmediumconst 0000                  postdec1 000FE5  
                postinc0 000FEE                _PORTBbits 000F81                _PORTDbits 000F83  
              _PORTEbits 000F84                _TRISDbits 000F95            __pidataCOMRAM 093C  
    start_initialization 08E4              __pbssCOMRAM 0001        __size_of_delay_ms 0022  
 EscreveInteiroLCD@F4004 0012              __smallconst 0800                copy_data0 08F8  
  delay_ms@tempodeatraso 0019                 __Hrparam 0000                 __Lrparam 0000  
               _delay_ms 091A            __size_of_main 00AE  
