

Microchip Technology PIC18 LITE Macro Assembler V1.41 build -162212810 
                                                                                               Thu Sep 24 18:50:00 2020

Microchip Technology Omniscient Code Generator v1.41 (Free mode) build 201701250102
     1                           	processor	18F4550
     2                           	fnconf	rparam,??,?,0
     3                           	opt	pw 120
     4                           	opt	lm
     5                           	psect	idataCOMRAM,global,class=CODE,delta=1,noexec
     6                           	psect	smallconst,global,reloc=2,class=SMALLCONST,delta=1,noexec
     7                           	psect	cinit,global,reloc=2,class=CODE,delta=1
     8                           	psect	bssCOMRAM,global,class=COMRAM,space=1,delta=1,noexec
     9                           	psect	dataCOMRAM,global,class=COMRAM,space=1,delta=1,noexec
    10                           	psect	cstackCOMRAM,global,class=COMRAM,space=1,delta=1,noexec
    11                           	psect	text0,global,reloc=2,class=CODE,delta=1
    12                           	psect	text1,global,reloc=2,class=CODE,delta=1
    13                           	psect	intsave_regs,global,class=BIGRAM,space=1,delta=1,noexec
    14                           	psect	rparam,global,class=COMRAM,space=1,delta=1,noexec
    15  0000                     
    16                           ; Version 1.41
    17                           ; Generated 25/01/2017 GMT
    18                           ; 
    19                           ; Copyright © 2017, Microchip Technology Inc. and its subsidiaries ("Microchip")
    20                           ; All rights reserved.
    21                           ; 
    22                           ; This software is developed by Microchip Technology Inc. and its subsidiaries ("Microch
      +                          ip").
    23                           ; 
    24                           ; Redistribution and use in source and binary forms, with or without modification, are
    25                           ; permitted provided that the following conditions are met:
    26                           ; 
    27                           ;     1. Redistributions of source code must retain the above copyright notice, this lis
      +                          t of
    28                           ;        conditions and the following disclaimer.
    29                           ; 
    30                           ;     2. Redistributions in binary form must reproduce the above copyright notice, this 
      +                          list
    31                           ;        of conditions and the following disclaimer in the documentation and/or other
    32                           ;        materials provided with the distribution.
    33                           ; 
    34                           ;     3. Microchip's name may not be used to endorse or promote products derived from th
      +                          is
    35                           ;        software without specific prior written permission.
    36                           ; 
    37                           ; THIS SOFTWARE IS PROVIDED BY MICROCHIP "AS IS" AND ANY EXPRESS OR IMPLIED WARRANTIES,
    38                           ; INCLUDING, BUT NOT LIMITED TO, THE IMPLIED WARRANTIES OF MERCHANTABILITY AND FITNESS F
      +                          OR
    39                           ; PURPOSE ARE DISCLAIMED.  IN NO EVENT SHALL MICROCHIP BE LIABLE FOR ANY DIRECT, INDIREC
      +                          T,
    40                           ; INCIDENTAL, SPECIAL, EXEMPLARY, OR CONSEQUENTIAL DAMAGES (INCLUDING BUT NOT LIMITED TO
    41                           ; PROCUREMENT OF SUBSTITUTE GOODS OR SERVICES; LOSS OF USE, DATA OR PROFITS; OR BUSINESS
    42                           ; INTERRUPTION) HOWSOEVER CAUSED AND ON ANY THEORY OF LIABILITY, WHETHER IN CONTRACT, ST
      +                          RICT
    43                           ; LIABILITY, OR TORT (INCLUDING NEGLIGENCE OR OTHERWISE) ARISING IN ANY WAY OUT OF THE U
      +                          SE OF
    44                           ; THIS SOFTWARE, EVEN IF ADVISED OF THE POSSIBILITY OF SUCH DAMAGE.
    45                           ; 
    46                           ; 
    47                           ; Code-generator required, PIC18F4550 Definitions
    48                           ; 
    49                           ; SFR Addresses
    50  0000                     
    51                           	psect	idataCOMRAM
    52  00091E                     __pidataCOMRAM:
    53                           	opt stack 0
    54                           
    55                           ;initializer for EscreveInteiroLCD@F4004
    56  00091E  30                 	db	48
    57  00091F  30                 	db	48
    58  000920  30                 	db	48
    59  000921  30                 	db	48
    60  000922  30                 	db	48
    61  000923  30                 	db	48
    62  000924  00                 	db	0
    63                           
    64                           	psect	smallconst
    65  000800                     __psmallconst:
    66                           	opt stack 0
    67  000800  00                 	db	0
    68  000801  0001               	dw	1
    69  000803  0000               	dw	0
    70  000805  000A               	dw	10
    71  000807  0000               	dw	0
    72  000809  0064               	dw	100
    73  00080B  0000               	dw	0
    74  00080D  03E8               	dw	1000
    75  00080F  0000               	dw	0
    76  000811  2710               	dw	10000
    77  000813  0000               	dw	0
    78  000815  86A0               	dw	34464
    79  000817  0001               	dw	1
    80  000819  4240               	dw	16960
    81  00081B  000F               	dw	15
    82  00081D  9680               	dw	38528
    83  00081F  0098               	dw	152
    84  000821  E100               	dw	57600
    85  000823  05F5               	dw	1525
    86  000825  CA00               	dw	51712
    87  000827  3B9A               	dw	15258
    88  000829                     __end_of_dpowers:
    89                           	opt stack 0
    90  0000                     _PORTEbits	set	3972
    91  0000                     _PORTB	set	3969
    92  0000                     _TRISE	set	3990
    93  0000                     _TRISB	set	3987
    94  0000                     _ADCON1	set	4033
    95  0000                     _PORTDbits	set	3971
    96  0000                     _TRISDbits	set	3989
    97  000829  25                 	db	37
    98  00082A  6C                 	db	108	;'l'
    99  00082B  75                 	db	117	;'u'
   100  00082C  2E                 	db	46
   101  00082D  25                 	db	37
   102  00082E  36                 	db	54	;'6'
   103  00082F  2E                 	db	46
   104  000830  36                 	db	54	;'6'
   105  000831  6C                 	db	108	;'l'
   106  000832  75                 	db	117	;'u'
   107  000833  00                 	db	0
   108  000834  00                 	db	0	; dummy byte at the end
   109  0000                     
   110                           ; #config settings
   111                           
   112                           	psect	cinit
   113  0008C6                     __pcinit:
   114                           	opt stack 0
   115  0008C6                     start_initialization:
   116                           	opt stack 0
   117  0008C6                     __initialization:
   118                           	opt stack 0
   119                           
   120                           ; Initialize objects allocated to COMRAM (7 bytes)
   121                           ; load TBLPTR registers with __pidataCOMRAM
   122  0008C6  0E1E               	movlw	low __pidataCOMRAM
   123  0008C8  6EF6               	movwf	tblptrl,c
   124  0008CA  0E09               	movlw	high __pidataCOMRAM
   125  0008CC  6EF7               	movwf	tblptrh,c
   126  0008CE  0E00               	movlw	low (__pidataCOMRAM shr (0+16))
   127  0008D0  6EF8               	movwf	tblptru,c
   128  0008D2  EE00  F012         	lfsr	0,__pdataCOMRAM
   129  0008D6  EE10 F007          	lfsr	1,7
   130  0008DA                     copy_data0:
   131  0008DA  0009               	tblrd		*+
   132  0008DC  CFF5 FFEE          	movff	tablat,postinc0
   133  0008E0  50E5               	movf	postdec1,w,c
   134  0008E2  50E1               	movf	fsr1l,w,c
   135  0008E4  E1FA               	bnz	copy_data0
   136                           
   137                           ; Clear objects allocated to COMRAM (17 bytes)
   138  0008E6  EE00  F001         	lfsr	0,__pbssCOMRAM
   139  0008EA  0E11               	movlw	17
   140  0008EC                     clear_0:
   141  0008EC  6AEE               	clrf	postinc0,c
   142  0008EE  06E8               	decf	wreg,f,c
   143  0008F0  E1FD               	bnz	clear_0
   144  0008F2                     end_of_initialization:
   145                           	opt stack 0
   146  0008F2                     __end_of__initialization:
   147                           	opt stack 0
   148  0008F2  0E00               	movlw	low (__Lmediumconst shr (0+16))
   149  0008F4  6EF8               	movwf	tblptru,c
   150  0008F6  0100               	movlb	0
   151  0008F8  EF1B  F004         	goto	_main	;jump to C main() function
   152                           tblptru	equ	0xFF8
   153                           tblptrh	equ	0xFF7
   154                           tblptrl	equ	0xFF6
   155                           tablat	equ	0xFF5
   156                           postinc0	equ	0xFEE
   157                           wreg	equ	0xFE8
   158                           postdec1	equ	0xFE5
   159                           fsr1l	equ	0xFE1
   160                           
   161                           	psect	bssCOMRAM
   162  000001                     __pbssCOMRAM:
   163                           	opt stack 0
   164  000001                     ftoa@buf:
   165                           	opt stack 0
   166  000001                     	ds	17
   167                           tblptru	equ	0xFF8
   168                           tblptrh	equ	0xFF7
   169                           tblptrl	equ	0xFF6
   170                           tablat	equ	0xFF5
   171                           postinc0	equ	0xFEE
   172                           wreg	equ	0xFE8
   173                           postdec1	equ	0xFE5
   174                           fsr1l	equ	0xFE1
   175                           
   176                           	psect	dataCOMRAM
   177  000012                     __pdataCOMRAM:
   178                           	opt stack 0
   179  000012                     EscreveInteiroLCD@F4004:
   180                           	opt stack 0
   181  000012                     	ds	7
   182                           tblptru	equ	0xFF8
   183                           tblptrh	equ	0xFF7
   184                           tblptrl	equ	0xFF6
   185                           tablat	equ	0xFF5
   186                           postinc0	equ	0xFEE
   187                           wreg	equ	0xFE8
   188                           postdec1	equ	0xFE5
   189                           fsr1l	equ	0xFE1
   190                           
   191                           	psect	cstackCOMRAM
   192  000019                     __pcstackCOMRAM:
   193                           	opt stack 0
   194  000019                     delay_ms@tempodeatraso:
   195                           	opt stack 0
   196                           
   197                           ; 2 bytes @ 0x0
   198  000019                     	ds	2
   199  00001B                     ??_delay_ms:
   200                           
   201                           ; 1 bytes @ 0x2
   202  00001B                     	ds	1
   203  00001C                     main@atraso:
   204                           	opt stack 0
   205                           
   206                           ; 2 bytes @ 0x3
   207  00001C                     	ds	2
   208  00001E                     main@cont:
   209                           	opt stack 0
   210                           
   211                           ; 1 bytes @ 0x5
   212  00001E                     	ds	1
   213                           tblptru	equ	0xFF8
   214                           tblptrh	equ	0xFF7
   215                           tblptrl	equ	0xFF6
   216                           tablat	equ	0xFF5
   217                           postinc0	equ	0xFEE
   218                           wreg	equ	0xFE8
   219                           postdec1	equ	0xFE5
   220                           fsr1l	equ	0xFE1
   221                           
   222 ;;
   223 ;;Main: autosize = 0, tempsize = 0, incstack = 0, save=0
   224 ;;
   225 ;; *************** function _main *****************
   226 ;; Defined at:
   227 ;;		line 50 in file "seta.c"
   228 ;; Parameters:    Size  Location     Type
   229 ;;		None
   230 ;; Auto vars:     Size  Location     Type
   231 ;;  atraso          2    3[COMRAM] unsigned int 
   232 ;;  cont            1    5[COMRAM] unsigned char 
   233 ;; Return value:  Size  Location     Type
   234 ;;                  1    wreg      void 
   235 ;; Registers used:
   236 ;;		wreg, status,2, status,0, cstack
   237 ;; Tracked objects:
   238 ;;		On entry : 0/0
   239 ;;		On exit  : 0/0
   240 ;;		Unchanged: 0/0
   241 ;; Data sizes:     COMRAM   BANK0   BANK1   BANK2   BANK3   BANK4   BANK5   BANK6   BANK7
   242 ;;      Params:         0       0       0       0       0       0       0       0       0
   243 ;;      Locals:         3       0       0       0       0       0       0       0       0
   244 ;;      Temps:          0       0       0       0       0       0       0       0       0
   245 ;;      Totals:         3       0       0       0       0       0       0       0       0
   246 ;;Total ram usage:        3 bytes
   247 ;; Hardware stack levels required when called:    1
   248 ;; This function calls:
   249 ;;		_delay_ms
   250 ;; This function is called by:
   251 ;;		Startup code after reset
   252 ;; This function uses a non-reentrant model
   253 ;;
   254                           
   255                           	psect	text0
   256  000836                     __ptext0:
   257                           	opt stack 0
   258  000836                     _main:
   259                           	opt stack 30
   260                           
   261                           ;seta.c: 52: ADCON1 = 0X0F;
   262                           
   263                           ;incstack = 0
   264  000836  0E0F               	movlw	15
   265  000838  6EC1               	movwf	4033,c	;volatile
   266                           
   267                           ;seta.c: 53: TRISB = 0X00;
   268  00083A  0E00               	movlw	0
   269  00083C  6E93               	movwf	3987,c	;volatile
   270                           
   271                           ;seta.c: 54: TRISE = 0b11111111;
   272  00083E  6896               	setf	3990,c	;volatile
   273                           
   274                           ;seta.c: 55: PORTB = 0XFF;
   275  000840  6881               	setf	3969,c	;volatile
   276                           
   277                           ;seta.c: 56: char cont;
   278                           ;seta.c: 57: unsigned int atraso = 200;
   279  000842  0E00               	movlw	0
   280  000844  6E1D               	movwf	main@atraso+1,c
   281  000846  0EC8               	movlw	200
   282  000848  6E1C               	movwf	main@atraso,c
   283  00084A                     l1205:
   284                           
   285                           ;seta.c: 60: {
   286                           ;seta.c: 61: if(PORTEbits.RE0 == 0)
   287  00084A  B084               	btfsc	3972,0,c	;volatile
   288  00084C  D014               	goto	l153
   289                           
   290                           ;seta.c: 62: {
   291                           ;seta.c: 63: PORTB = 0b11101111;
   292  00084E  0EEF               	movlw	239
   293  000850  6E81               	movwf	3969,c	;volatile
   294                           
   295                           ;seta.c: 64: for(cont = 0; cont<=3; cont++){
   296  000852  0E00               	movlw	0
   297  000854  6E1E               	movwf	main@cont,c
   298  000856                     l1209:
   299  000856  0E03               	movlw	3
   300  000858  641E               	cpfsgt	main@cont,c
   301  00085A  D001               	goto	l1213
   302  00085C  D00C               	goto	l153
   303  00085E                     l1213:
   304                           
   305                           ;seta.c: 65: delay_ms(atraso);
   306  00085E  C01C  F019         	movff	main@atraso,delay_ms@tempodeatraso
   307  000862  C01D  F01A         	movff	main@atraso+1,delay_ms@tempodeatraso+1
   308  000866  EC7E  F004         	call	_delay_ms	;wreg free
   309                           
   310                           ;seta.c: 66: PORTB = PORTB << 1 | 0b00001111;
   311  00086A  5081               	movf	3969,w,c	;volatile
   312  00086C  2481               	addwf	3969,w,c	;volatile
   313  00086E  090F               	iorlw	15
   314  000870  6E81               	movwf	3969,c	;volatile
   315  000872  2A1E               	incf	main@cont,f,c
   316  000874  D7F0               	goto	l1209
   317  000876                     l153:
   318                           
   319                           ;seta.c: 67: }
   320                           ;seta.c: 68: }
   321                           ;seta.c: 69: if(PORTEbits.RE1 == 0)
   322  000876  B284               	btfsc	3972,1,c	;volatile
   323  000878  D014               	goto	l156
   324                           
   325                           ;seta.c: 70: {
   326                           ;seta.c: 71: PORTB = 0b11110111;
   327  00087A  0EF7               	movlw	247
   328  00087C  6E81               	movwf	3969,c	;volatile
   329                           
   330                           ;seta.c: 72: for(cont = 0; cont<=3; cont++){
   331  00087E  0E00               	movlw	0
   332  000880  6E1E               	movwf	main@cont,c
   333  000882                     l1223:
   334  000882  0E03               	movlw	3
   335  000884  641E               	cpfsgt	main@cont,c
   336  000886  D001               	goto	l1227
   337  000888  D00C               	goto	l156
   338  00088A                     l1227:
   339                           
   340                           ;seta.c: 73: delay_ms(atraso);
   341  00088A  C01C  F019         	movff	main@atraso,delay_ms@tempodeatraso
   342  00088E  C01D  F01A         	movff	main@atraso+1,delay_ms@tempodeatraso+1
   343  000892  EC7E  F004         	call	_delay_ms	;wreg free
   344                           
   345                           ;seta.c: 74: PORTB = PORTB >> 1 | 0b11110000;
   346  000896  90D8               	bcf	status,0,c
   347  000898  3081               	rrcf	3969,w,c	;volatile
   348  00089A  09F0               	iorlw	240
   349  00089C  6E81               	movwf	3969,c	;volatile
   350  00089E  2A1E               	incf	main@cont,f,c
   351  0008A0  D7F0               	goto	l1223
   352  0008A2                     l156:
   353                           
   354                           ;seta.c: 75: }
   355                           ;seta.c: 76: }
   356                           ;seta.c: 77: if(PORTEbits.RE2 == 0)
   357  0008A2  B484               	btfsc	3972,2,c	;volatile
   358  0008A4  D7D2               	goto	l1205
   359                           
   360                           ;seta.c: 78: {
   361                           ;seta.c: 79: PORTB = 0b00000000;
   362  0008A6  0E00               	movlw	0
   363  0008A8  6E81               	movwf	3969,c	;volatile
   364                           
   365                           ;seta.c: 80: delay_ms(500);
   366  0008AA  0E01               	movlw	1
   367  0008AC  6E1A               	movwf	delay_ms@tempodeatraso+1,c
   368  0008AE  0EF4               	movlw	244
   369  0008B0  6E19               	movwf	delay_ms@tempodeatraso,c
   370  0008B2  EC7E  F004         	call	_delay_ms	;wreg free
   371                           
   372                           ;seta.c: 81: PORTB = 0b11111111;
   373  0008B6  6881               	setf	3969,c	;volatile
   374                           
   375                           ;seta.c: 82: delay_ms(500);
   376  0008B8  0E01               	movlw	1
   377  0008BA  6E1A               	movwf	delay_ms@tempodeatraso+1,c
   378  0008BC  0EF4               	movlw	244
   379  0008BE  6E19               	movwf	delay_ms@tempodeatraso,c
   380  0008C0  EC7E  F004         	call	_delay_ms	;wreg free
   381  0008C4  D7C2               	goto	l1205
   382  0008C6                     __end_of_main:
   383                           	opt stack 0
   384                           tblptru	equ	0xFF8
   385                           tblptrh	equ	0xFF7
   386                           tblptrl	equ	0xFF6
   387                           tablat	equ	0xFF5
   388                           postinc0	equ	0xFEE
   389                           wreg	equ	0xFE8
   390                           postdec1	equ	0xFE5
   391                           fsr1l	equ	0xFE1
   392                           status	equ	0xFD8
   393                           
   394 ;; *************** function _delay_ms *****************
   395 ;; Defined at:
   396 ;;		line 88 in file "seta.c"
   397 ;; Parameters:    Size  Location     Type
   398 ;;  tempodeatras    2    0[COMRAM] unsigned int 
   399 ;; Auto vars:     Size  Location     Type
   400 ;;		None
   401 ;; Return value:  Size  Location     Type
   402 ;;                  1    wreg      void 
   403 ;; Registers used:
   404 ;;		wreg, status,2, status,0
   405 ;; Tracked objects:
   406 ;;		On entry : 0/0
   407 ;;		On exit  : 0/0
   408 ;;		Unchanged: 0/0
   409 ;; Data sizes:     COMRAM   BANK0   BANK1   BANK2   BANK3   BANK4   BANK5   BANK6   BANK7
   410 ;;      Params:         2       0       0       0       0       0       0       0       0
   411 ;;      Locals:         0       0       0       0       0       0       0       0       0
   412 ;;      Temps:          1       0       0       0       0       0       0       0       0
   413 ;;      Totals:         3       0       0       0       0       0       0       0       0
   414 ;;Total ram usage:        3 bytes
   415 ;; Hardware stack levels used:    1
   416 ;; This function calls:
   417 ;;		Nothing
   418 ;; This function is called by:
   419 ;;		_main
   420 ;; This function uses a non-reentrant model
   421 ;;
   422                           
   423                           	psect	text1
   424  0008FC                     __ptext1:
   425                           	opt stack 0
   426  0008FC                     _delay_ms:
   427                           	opt stack 30
   428                           
   429                           ;seta.c: 90: while(--tempodeatraso){
   430                           
   431                           ;incstack = 0
   432  0008FC  D008               	goto	l1197
   433  0008FE                     l1195:
   434                           
   435                           ;seta.c: 91: _delay((unsigned long)((1)*(48000000/4000.0)));
   436  0008FE  0E10               	movlw	16
   437  000900  6E1B               	movwf	??_delay_ms& (0+255),c
   438  000902  0E94               	movlw	148
   439  000904                     u537:
   440  000904  2EE8               	decfsz	wreg,f,c
   441  000906  D7FE               	bra	u537
   442  000908  2E1B               	decfsz	??_delay_ms& (0+255),f,c
   443  00090A  D7FC               	bra	u537
   444  00090C  D000               	nop2	
   445  00090E                     l1197:
   446  00090E  0619               	decf	delay_ms@tempodeatraso,f,c
   447  000910  A0D8               	btfss	status,0,c
   448  000912  061A               	decf	delay_ms@tempodeatraso+1,f,c
   449  000914  5019               	movf	delay_ms@tempodeatraso,w,c
   450  000916  101A               	iorwf	delay_ms@tempodeatraso+1,w,c
   451  000918  B4D8               	btfsc	status,2,c
   452  00091A  0012               	return	
   453  00091C  D7F0               	goto	l1195
   454  00091E                     __end_of_delay_ms:
   455                           	opt stack 0
   456                           tblptru	equ	0xFF8
   457                           tblptrh	equ	0xFF7
   458                           tblptrl	equ	0xFF6
   459                           tablat	equ	0xFF5
   460                           postinc0	equ	0xFEE
   461                           wreg	equ	0xFE8
   462                           postdec1	equ	0xFE5
   463                           fsr1l	equ	0xFE1
   464                           status	equ	0xFD8
   465                           tblptru	equ	0xFF8
   466                           tblptrh	equ	0xFF7
   467                           tblptrl	equ	0xFF6
   468                           tablat	equ	0xFF5
   469                           postinc0	equ	0xFEE
   470                           wreg	equ	0xFE8
   471                           postdec1	equ	0xFE5
   472                           fsr1l	equ	0xFE1
   473                           status	equ	0xFD8
   474                           
   475                           	psect	rparam
   476  0000                     tblptru	equ	0xFF8
   477                           tblptrh	equ	0xFF7
   478                           tblptrl	equ	0xFF6
   479                           tablat	equ	0xFF5
   480                           postinc0	equ	0xFEE
   481                           wreg	equ	0xFE8
   482                           postdec1	equ	0xFE5
   483                           fsr1l	equ	0xFE1
   484                           status	equ	0xFD8


Data Sizes:
    Strings     11
    Constant    40
    Data        7
    BSS         17
    Persistent  0
    Stack       0

Auto Spaces:
    Space          Size  Autos    Used
    COMRAM           95      6      30
    BANK0           160      0       0
    BANK1           256      0       0
    BANK2           256      0       0
    BANK3           256      0       0
    BANK4           256      0       0
    BANK5           256      0       0
    BANK6           256      0       0
    BANK7           256      0       0

Pointer List with Targets:

    sp__utoa	PTR unsigned char  size(2) Largest target is 7
		 -> EscreveInteiroLCD@texto(COMRAM[7]), 

    sp__ftoa	PTR unsigned char  size(2) Largest target is 17
		 -> ftoa@buf(COMRAM[17]), 

    sp__itoa	PTR unsigned char  size(2) Largest target is 7
		 -> EscreveInteiroLCD@texto(COMRAM[7]), 


Critical Paths under _main in COMRAM

    _main->_delay_ms

Critical Paths under _main in BANK0

    None.

Critical Paths under _main in BANK1

    None.

Critical Paths under _main in BANK2

    None.

Critical Paths under _main in BANK3

    None.

Critical Paths under _main in BANK4

    None.

Critical Paths under _main in BANK5

    None.

Critical Paths under _main in BANK6

    None.

Critical Paths under _main in BANK7

    None.

Call Graph Tables:

 ---------------------------------------------------------------------------------
 (Depth) Function   	        Calls       Base Space   Used Autos Params    Refs
 ---------------------------------------------------------------------------------
 (0) _main                                                 3     3      0     415
                                              3 COMRAM     3     3      0
                           _delay_ms
 ---------------------------------------------------------------------------------
 (1) _delay_ms                                             3     1      2     278
                                              0 COMRAM     3     1      2
 ---------------------------------------------------------------------------------
 Estimated maximum stack depth 1
 ---------------------------------------------------------------------------------

 Call Graph Graphs:

 _main (ROOT)
   _delay_ms

 Address spaces:
Name               Size   Autos  Total    Cost      Usage
BIGRAM             7FF      0       0      21        0.0%
EEDATA             100      0       0       0        0.0%
BITBANK7           100      0       0      18        0.0%
BANK7              100      0       0      19        0.0%
BITBANK6           100      0       0      16        0.0%
BANK6              100      0       0      17        0.0%
BITBANK5           100      0       0      14        0.0%
BANK5              100      0       0      15        0.0%
BITBANK4           100      0       0      12        0.0%
BANK4              100      0       0      13        0.0%
BITBANK3           100      0       0      10        0.0%
BANK3              100      0       0      11        0.0%
BITBANK2           100      0       0       8        0.0%
BANK2              100      0       0       9        0.0%
BITBANK1           100      0       0       6        0.0%
BANK1              100      0       0       7        0.0%
BITBANK0            A0      0       0       4        0.0%
BANK0               A0      0       0       5        0.0%
BITCOMRAM           5F      0       0       0        0.0%
COMRAM              5F      6      1E       1       31.6%
BITSFR               0      0       0     200        0.0%
SFR                  0      0       0     200        0.0%
STACK                0      0       0       2        0.0%
NULL                 0      0       0       0        0.0%
ABS                  0      0      1E      20        0.0%
DATA                 0      0      1E       3        0.0%
CODE                 0      0       0       0        0.0%


Microchip Technology PIC18 Macro Assembler V1.41 build -162212810 
Symbol Table                                                                                   Thu Sep 24 18:50:00 2020

                    l153 0876                      l156 08A2                      u537 0904  
                    wreg 000FE8                     l1213 085E                     l1205 084A  
                   l1223 0882                     l1209 0856                     l1227 088A  
                   l1195 08FE                     l1197 090E                     STR_1 0829  
                   _main 0836                     fsr1l 000FE1                     start 0000  
           ___param_bank 000000                    ?_main 0019                    _PORTB 000F81  
                  _TRISB 000F93                    _TRISE 000F96          __end_of_dpowers 0829  
                  tablat 000FF5                    status 000FD8          __initialization 08C6  
           __end_of_main 08C6                   ??_main 001C            __activetblptr 000002  
                 _ADCON1 000FC1         __end_of_delay_ms 091E                   clear_0 08EC  
           __pdataCOMRAM 0012             __mediumconst 0000                   tblptrh 000FF7  
                 tblptrl 000FF6                   tblptru 000FF8               __accesstop 0060  
__end_of__initialization 08F2            ___rparam_used 000001           __pcstackCOMRAM 0019  
              ?_delay_ms 0019                  __Hparam 0000                  __Lparam 0000  
           __psmallconst 0800                  __pcinit 08C6                  __ramtop 0800  
                __ptext0 0836                  __ptext1 08FC                  _dpowers 0801  
             ??_delay_ms 001B     end_of_initialization 08F2                  ftoa@buf 0001  
          __Lmediumconst 0000                  postdec1 000FE5                  postinc0 000FEE  
              _PORTDbits 000F83                _PORTEbits 000F84                _TRISDbits 000F95  
             main@atraso 001C            __pidataCOMRAM 091E      start_initialization 08C6  
            __pbssCOMRAM 0001        __size_of_delay_ms 0022   EscreveInteiroLCD@F4004 0012  
            __smallconst 0800                copy_data0 08DA    delay_ms@tempodeatraso 0019  
               __Hrparam 0000                 __Lrparam 0000                 _delay_ms 08FC  
          __size_of_main 0090                 main@cont 001E  
