

Microchip Technology PIC18 LITE Macro Assembler V1.41 build -162212810 
                                                                                               Fri Sep 11 11:15:32 2020

Microchip Technology Omniscient Code Generator v1.41 (Free mode) build 201701250102
     1                           	processor	18F4550
     2                           	fnconf	rparam,??,?,0
     3                           	opt	pw 120
     4                           	opt	lm
     5                           	psect	idataCOMRAM,global,class=CODE,delta=1,noexec
     6                           	psect	smallconst,global,reloc=2,class=SMALLCONST,delta=1,noexec
     7                           	psect	cinit,global,reloc=2,class=CODE,delta=1
     8                           	psect	bssCOMRAM,global,class=COMRAM,space=1,delta=1,noexec
     9                           	psect	dataCOMRAM,global,class=COMRAM,space=1,delta=1,noexec
    10                           	psect	cstackCOMRAM,global,class=COMRAM,space=1,delta=1,noexec
    11                           	psect	text0,global,reloc=2,class=CODE,delta=1
    12                           	psect	text1,global,reloc=2,class=CODE,delta=1
    13                           	psect	intsave_regs,global,class=BIGRAM,space=1,delta=1,noexec
    14                           	psect	rparam,global,class=COMRAM,space=1,delta=1,noexec
    15  0000                     
    16                           ; Version 1.41
    17                           ; Generated 25/01/2017 GMT
    18                           ; 
    19                           ; Copyright © 2017, Microchip Technology Inc. and its subsidiaries ("Microchip")
    20                           ; All rights reserved.
    21                           ; 
    22                           ; This software is developed by Microchip Technology Inc. and its subsidiaries ("Microch
      +                          ip").
    23                           ; 
    24                           ; Redistribution and use in source and binary forms, with or without modification, are
    25                           ; permitted provided that the following conditions are met:
    26                           ; 
    27                           ;     1. Redistributions of source code must retain the above copyright notice, this lis
      +                          t of
    28                           ;        conditions and the following disclaimer.
    29                           ; 
    30                           ;     2. Redistributions in binary form must reproduce the above copyright notice, this 
      +                          list
    31                           ;        of conditions and the following disclaimer in the documentation and/or other
    32                           ;        materials provided with the distribution.
    33                           ; 
    34                           ;     3. Microchip's name may not be used to endorse or promote products derived from th
      +                          is
    35                           ;        software without specific prior written permission.
    36                           ; 
    37                           ; THIS SOFTWARE IS PROVIDED BY MICROCHIP "AS IS" AND ANY EXPRESS OR IMPLIED WARRANTIES,
    38                           ; INCLUDING, BUT NOT LIMITED TO, THE IMPLIED WARRANTIES OF MERCHANTABILITY AND FITNESS F
      +                          OR
    39                           ; PURPOSE ARE DISCLAIMED.  IN NO EVENT SHALL MICROCHIP BE LIABLE FOR ANY DIRECT, INDIREC
      +                          T,
    40                           ; INCIDENTAL, SPECIAL, EXEMPLARY, OR CONSEQUENTIAL DAMAGES (INCLUDING BUT NOT LIMITED TO
    41                           ; PROCUREMENT OF SUBSTITUTE GOODS OR SERVICES; LOSS OF USE, DATA OR PROFITS; OR BUSINESS
    42                           ; INTERRUPTION) HOWSOEVER CAUSED AND ON ANY THEORY OF LIABILITY, WHETHER IN CONTRACT, ST
      +                          RICT
    43                           ; LIABILITY, OR TORT (INCLUDING NEGLIGENCE OR OTHERWISE) ARISING IN ANY WAY OUT OF THE U
      +                          SE OF
    44                           ; THIS SOFTWARE, EVEN IF ADVISED OF THE POSSIBILITY OF SUCH DAMAGE.
    45                           ; 
    46                           ; 
    47                           ; Code-generator required, PIC18F4550 Definitions
    48                           ; 
    49                           ; SFR Addresses
    50  0000                     
    51                           	psect	idataCOMRAM
    52  0008BA                     __pidataCOMRAM:
    53                           	opt stack 0
    54                           
    55                           ;initializer for EscreveInteiroLCD@F4004
    56  0008BA  30                 	db	48
    57  0008BB  30                 	db	48
    58  0008BC  30                 	db	48
    59  0008BD  30                 	db	48
    60  0008BE  30                 	db	48
    61  0008BF  30                 	db	48
    62  0008C0  00                 	db	0
    63                           
    64                           	psect	smallconst
    65  000800                     __psmallconst:
    66                           	opt stack 0
    67  000800  00                 	db	0
    68  000801  0001               	dw	1
    69  000803  0000               	dw	0
    70  000805  000A               	dw	10
    71  000807  0000               	dw	0
    72  000809  0064               	dw	100
    73  00080B  0000               	dw	0
    74  00080D  03E8               	dw	1000
    75  00080F  0000               	dw	0
    76  000811  2710               	dw	10000
    77  000813  0000               	dw	0
    78  000815  86A0               	dw	34464
    79  000817  0001               	dw	1
    80  000819  4240               	dw	16960
    81  00081B  000F               	dw	15
    82  00081D  9680               	dw	38528
    83  00081F  0098               	dw	152
    84  000821  E100               	dw	57600
    85  000823  05F5               	dw	1525
    86  000825  CA00               	dw	51712
    87  000827  3B9A               	dw	15258
    88  000829                     __end_of_dpowers:
    89                           	opt stack 0
    90  0000                     _PORTBbits	set	3969
    91  0000                     _PORTB	set	3969
    92  0000                     _LATB	set	3978
    93  0000                     _TRISB	set	3987
    94  0000                     _ADCON1	set	4033
    95  0000                     _PORTDbits	set	3971
    96  0000                     _TRISDbits	set	3989
    97  000829  25                 	db	37
    98  00082A  6C                 	db	108	;'l'
    99  00082B  75                 	db	117	;'u'
   100  00082C  2E                 	db	46
   101  00082D  25                 	db	37
   102  00082E  36                 	db	54	;'6'
   103  00082F  2E                 	db	46
   104  000830  36                 	db	54	;'6'
   105  000831  6C                 	db	108	;'l'
   106  000832  75                 	db	117	;'u'
   107  000833  00                 	db	0
   108  000834  00                 	db	0	; dummy byte at the end
   109  0000                     
   110                           ; #config settings
   111                           
   112                           	psect	cinit
   113  000836                     __pcinit:
   114                           	opt stack 0
   115  000836                     start_initialization:
   116                           	opt stack 0
   117  000836                     __initialization:
   118                           	opt stack 0
   119                           
   120                           ; Initialize objects allocated to COMRAM (7 bytes)
   121                           ; load TBLPTR registers with __pidataCOMRAM
   122  000836  0EBA               	movlw	low __pidataCOMRAM
   123  000838  6EF6               	movwf	tblptrl,c
   124  00083A  0E08               	movlw	high __pidataCOMRAM
   125  00083C  6EF7               	movwf	tblptrh,c
   126  00083E  0E00               	movlw	low (__pidataCOMRAM shr (0+16))
   127  000840  6EF8               	movwf	tblptru,c
   128  000842  EE00  F012         	lfsr	0,__pdataCOMRAM
   129  000846  EE10 F007          	lfsr	1,7
   130  00084A                     copy_data0:
   131  00084A  0009               	tblrd		*+
   132  00084C  CFF5 FFEE          	movff	tablat,postinc0
   133  000850  50E5               	movf	postdec1,w,c
   134  000852  50E1               	movf	fsr1l,w,c
   135  000854  E1FA               	bnz	copy_data0
   136                           
   137                           ; Clear objects allocated to COMRAM (17 bytes)
   138  000856  EE00  F001         	lfsr	0,__pbssCOMRAM
   139  00085A  0E11               	movlw	17
   140  00085C                     clear_0:
   141  00085C  6AEE               	clrf	postinc0,c
   142  00085E  06E8               	decf	wreg,f,c
   143  000860  E1FD               	bnz	clear_0
   144  000862                     end_of_initialization:
   145                           	opt stack 0
   146  000862                     __end_of__initialization:
   147                           	opt stack 0
   148  000862  0E00               	movlw	low (__Lmediumconst shr (0+16))
   149  000864  6EF8               	movwf	tblptru,c
   150  000866  0100               	movlb	0
   151  000868  EF36  F004         	goto	_main	;jump to C main() function
   152                           tblptru	equ	0xFF8
   153                           tblptrh	equ	0xFF7
   154                           tblptrl	equ	0xFF6
   155                           tablat	equ	0xFF5
   156                           postinc0	equ	0xFEE
   157                           wreg	equ	0xFE8
   158                           postdec1	equ	0xFE5
   159                           fsr1l	equ	0xFE1
   160                           
   161                           	psect	bssCOMRAM
   162  000001                     __pbssCOMRAM:
   163                           	opt stack 0
   164  000001                     ftoa@buf:
   165                           	opt stack 0
   166  000001                     	ds	17
   167                           tblptru	equ	0xFF8
   168                           tblptrh	equ	0xFF7
   169                           tblptrl	equ	0xFF6
   170                           tablat	equ	0xFF5
   171                           postinc0	equ	0xFEE
   172                           wreg	equ	0xFE8
   173                           postdec1	equ	0xFE5
   174                           fsr1l	equ	0xFE1
   175                           
   176                           	psect	dataCOMRAM
   177  000012                     __pdataCOMRAM:
   178                           	opt stack 0
   179  000012                     EscreveInteiroLCD@F4004:
   180                           	opt stack 0
   181  000012                     	ds	7
   182                           tblptru	equ	0xFF8
   183                           tblptrh	equ	0xFF7
   184                           tblptrl	equ	0xFF6
   185                           tablat	equ	0xFF5
   186                           postinc0	equ	0xFEE
   187                           wreg	equ	0xFE8
   188                           postdec1	equ	0xFE5
   189                           fsr1l	equ	0xFE1
   190                           
   191                           	psect	cstackCOMRAM
   192  000019                     __pcstackCOMRAM:
   193                           	opt stack 0
   194  000019                     delay_ms@tempodeatraso:
   195                           	opt stack 0
   196                           
   197                           ; 2 bytes @ 0x0
   198  000019                     	ds	2
   199  00001B                     ??_delay_ms:
   200                           
   201                           ; 1 bytes @ 0x2
   202  00001B                     	ds	1
   203  00001C                     tblptru	equ	0xFF8
   204                           tblptrh	equ	0xFF7
   205                           tblptrl	equ	0xFF6
   206                           tablat	equ	0xFF5
   207                           postinc0	equ	0xFEE
   208                           wreg	equ	0xFE8
   209                           postdec1	equ	0xFE5
   210                           fsr1l	equ	0xFE1
   211                           
   212                           ; 1 bytes @ 0x3
   213 ;;
   214 ;;Main: autosize = 0, tempsize = 0, incstack = 0, save=0
   215 ;;
   216 ;; *************** function _main *****************
   217 ;; Defined at:
   218 ;;		line 44 in file "Pisca_led.c"
   219 ;; Parameters:    Size  Location     Type
   220 ;;		None
   221 ;; Auto vars:     Size  Location     Type
   222 ;;		None
   223 ;; Return value:  Size  Location     Type
   224 ;;                  1    wreg      void 
   225 ;; Registers used:
   226 ;;		wreg, status,2, status,0, cstack
   227 ;; Tracked objects:
   228 ;;		On entry : 0/0
   229 ;;		On exit  : 0/0
   230 ;;		Unchanged: 0/0
   231 ;; Data sizes:     COMRAM   BANK0   BANK1   BANK2   BANK3   BANK4   BANK5   BANK6   BANK7
   232 ;;      Params:         0       0       0       0       0       0       0       0       0
   233 ;;      Locals:         0       0       0       0       0       0       0       0       0
   234 ;;      Temps:          0       0       0       0       0       0       0       0       0
   235 ;;      Totals:         0       0       0       0       0       0       0       0       0
   236 ;;Total ram usage:        0 bytes
   237 ;; Hardware stack levels required when called:    1
   238 ;; This function calls:
   239 ;;		_delay_ms
   240 ;; This function is called by:
   241 ;;		Startup code after reset
   242 ;; This function uses a non-reentrant model
   243 ;;
   244                           
   245                           	psect	text0
   246  00086C                     __ptext0:
   247                           	opt stack 0
   248  00086C                     _main:
   249                           	opt stack 30
   250                           
   251                           ;Pisca_led.c: 46: ADCON1 = 0X0F;
   252                           
   253                           ;incstack = 0
   254  00086C  0E0F               	movlw	15
   255  00086E  6EC1               	movwf	4033,c	;volatile
   256                           
   257                           ;Pisca_led.c: 47: TRISB = 0X00;
   258  000870  0E00               	movlw	0
   259  000872  6E93               	movwf	3987,c	;volatile
   260                           
   261                           ;Pisca_led.c: 48: LATB = 0XFF;
   262  000874  688A               	setf	3978,c	;volatile
   263                           
   264                           ;Pisca_led.c: 49: PORTB = 0X00;
   265  000876  0E00               	movlw	0
   266  000878  6E81               	movwf	3969,c	;volatile
   267  00087A                     l1164:
   268                           
   269                           ;Pisca_led.c: 52: PORTBbits.RB7 = 1;
   270  00087A  8E81               	bsf	3969,7,c	;volatile
   271                           
   272                           ;Pisca_led.c: 53: delay_ms(500);
   273  00087C  0E01               	movlw	1
   274  00087E  6E1A               	movwf	delay_ms@tempodeatraso+1,c
   275  000880  0EF4               	movlw	244
   276  000882  6E19               	movwf	delay_ms@tempodeatraso,c
   277  000884  EC4C  F004         	call	_delay_ms	;wreg free
   278                           
   279                           ;Pisca_led.c: 54: PORTBbits.RB7 = 0;
   280  000888  9E81               	bcf	3969,7,c	;volatile
   281                           
   282                           ;Pisca_led.c: 55: delay_ms(500);
   283  00088A  0E01               	movlw	1
   284  00088C  6E1A               	movwf	delay_ms@tempodeatraso+1,c
   285  00088E  0EF4               	movlw	244
   286  000890  6E19               	movwf	delay_ms@tempodeatraso,c
   287  000892  EC4C  F004         	call	_delay_ms	;wreg free
   288  000896  D7F1               	goto	l1164
   289  000898                     __end_of_main:
   290                           	opt stack 0
   291                           tblptru	equ	0xFF8
   292                           tblptrh	equ	0xFF7
   293                           tblptrl	equ	0xFF6
   294                           tablat	equ	0xFF5
   295                           postinc0	equ	0xFEE
   296                           wreg	equ	0xFE8
   297                           postdec1	equ	0xFE5
   298                           fsr1l	equ	0xFE1
   299                           
   300 ;; *************** function _delay_ms *****************
   301 ;; Defined at:
   302 ;;		line 71 in file "Pisca_led.c"
   303 ;; Parameters:    Size  Location     Type
   304 ;;  tempodeatras    2    0[COMRAM] unsigned int 
   305 ;; Auto vars:     Size  Location     Type
   306 ;;		None
   307 ;; Return value:  Size  Location     Type
   308 ;;                  1    wreg      void 
   309 ;; Registers used:
   310 ;;		wreg, status,2, status,0
   311 ;; Tracked objects:
   312 ;;		On entry : 0/0
   313 ;;		On exit  : 0/0
   314 ;;		Unchanged: 0/0
   315 ;; Data sizes:     COMRAM   BANK0   BANK1   BANK2   BANK3   BANK4   BANK5   BANK6   BANK7
   316 ;;      Params:         2       0       0       0       0       0       0       0       0
   317 ;;      Locals:         0       0       0       0       0       0       0       0       0
   318 ;;      Temps:          1       0       0       0       0       0       0       0       0
   319 ;;      Totals:         3       0       0       0       0       0       0       0       0
   320 ;;Total ram usage:        3 bytes
   321 ;; Hardware stack levels used:    1
   322 ;; This function calls:
   323 ;;		Nothing
   324 ;; This function is called by:
   325 ;;		_main
   326 ;; This function uses a non-reentrant model
   327 ;;
   328                           
   329                           	psect	text1
   330  000898                     __ptext1:
   331                           	opt stack 0
   332  000898                     _delay_ms:
   333                           	opt stack 30
   334                           
   335                           ;Pisca_led.c: 73: while(--tempodeatraso){
   336                           
   337                           ;incstack = 0
   338  000898  D008               	goto	l1158
   339  00089A                     l1156:
   340                           
   341                           ;Pisca_led.c: 74: _delay((unsigned long)((1)*(48000000/4000.0)));
   342  00089A  0E10               	movlw	16
   343  00089C  6E1B               	movwf	??_delay_ms& (0+255),c
   344  00089E  0E94               	movlw	148
   345  0008A0                     u397:
   346  0008A0  2EE8               	decfsz	wreg,f,c
   347  0008A2  D7FE               	bra	u397
   348  0008A4  2E1B               	decfsz	??_delay_ms& (0+255),f,c
   349  0008A6  D7FC               	bra	u397
   350  0008A8  D000               	nop2	
   351  0008AA                     l1158:
   352  0008AA  0619               	decf	delay_ms@tempodeatraso,f,c
   353  0008AC  A0D8               	btfss	status,0,c
   354  0008AE  061A               	decf	delay_ms@tempodeatraso+1,f,c
   355  0008B0  5019               	movf	delay_ms@tempodeatraso,w,c
   356  0008B2  101A               	iorwf	delay_ms@tempodeatraso+1,w,c
   357  0008B4  B4D8               	btfsc	status,2,c
   358  0008B6  0012               	return	
   359  0008B8  D7F0               	goto	l1156
   360  0008BA                     __end_of_delay_ms:
   361                           	opt stack 0
   362                           tblptru	equ	0xFF8
   363                           tblptrh	equ	0xFF7
   364                           tblptrl	equ	0xFF6
   365                           tablat	equ	0xFF5
   366                           postinc0	equ	0xFEE
   367                           wreg	equ	0xFE8
   368                           postdec1	equ	0xFE5
   369                           fsr1l	equ	0xFE1
   370                           status	equ	0xFD8
   371                           tblptru	equ	0xFF8
   372                           tblptrh	equ	0xFF7
   373                           tblptrl	equ	0xFF6
   374                           tablat	equ	0xFF5
   375                           postinc0	equ	0xFEE
   376                           wreg	equ	0xFE8
   377                           postdec1	equ	0xFE5
   378                           fsr1l	equ	0xFE1
   379                           status	equ	0xFD8
   380                           
   381                           	psect	rparam
   382  0000                     tblptru	equ	0xFF8
   383                           tblptrh	equ	0xFF7
   384                           tblptrl	equ	0xFF6
   385                           tablat	equ	0xFF5
   386                           postinc0	equ	0xFEE
   387                           wreg	equ	0xFE8
   388                           postdec1	equ	0xFE5
   389                           fsr1l	equ	0xFE1
   390                           status	equ	0xFD8


Data Sizes:
    Strings     11
    Constant    40
    Data        7
    BSS         17
    Persistent  0
    Stack       0

Auto Spaces:
    Space          Size  Autos    Used
    COMRAM           95      3      27
    BANK0           160      0       0
    BANK1           256      0       0
    BANK2           256      0       0
    BANK3           256      0       0
    BANK4           256      0       0
    BANK5           256      0       0
    BANK6           256      0       0
    BANK7           256      0       0

Pointer List with Targets:

    sp__utoa	PTR unsigned char  size(2) Largest target is 7
		 -> EscreveInteiroLCD@texto(COMRAM[7]), 

    sp__ftoa	PTR unsigned char  size(2) Largest target is 17
		 -> ftoa@buf(COMRAM[17]), 

    sp__itoa	PTR unsigned char  size(2) Largest target is 7
		 -> EscreveInteiroLCD@texto(COMRAM[7]), 


Critical Paths under _main in COMRAM

    _main->_delay_ms

Critical Paths under _main in BANK0

    None.

Critical Paths under _main in BANK1

    None.

Critical Paths under _main in BANK2

    None.

Critical Paths under _main in BANK3

    None.

Critical Paths under _main in BANK4

    None.

Critical Paths under _main in BANK5

    None.

Critical Paths under _main in BANK6

    None.

Critical Paths under _main in BANK7

    None.

Call Graph Tables:

 ---------------------------------------------------------------------------------
 (Depth) Function   	        Calls       Base Space   Used Autos Params    Refs
 ---------------------------------------------------------------------------------
 (0) _main                                                 0     0      0     150
                           _delay_ms
 ---------------------------------------------------------------------------------
 (1) _delay_ms                                             3     1      2     150
                                              0 COMRAM     3     1      2
 ---------------------------------------------------------------------------------
 Estimated maximum stack depth 1
 ---------------------------------------------------------------------------------

 Call Graph Graphs:

 _main (ROOT)
   _delay_ms

 Address spaces:
Name               Size   Autos  Total    Cost      Usage
BIGRAM             7FF      0       0      21        0.0%
EEDATA             100      0       0       0        0.0%
BITBANK7           100      0       0      18        0.0%
BANK7              100      0       0      19        0.0%
BITBANK6           100      0       0      16        0.0%
BANK6              100      0       0      17        0.0%
BITBANK5           100      0       0      14        0.0%
BANK5              100      0       0      15        0.0%
BITBANK4           100      0       0      12        0.0%
BANK4              100      0       0      13        0.0%
BITBANK3           100      0       0      10        0.0%
BANK3              100      0       0      11        0.0%
BITBANK2           100      0       0       8        0.0%
BANK2              100      0       0       9        0.0%
BITBANK1           100      0       0       6        0.0%
BANK1              100      0       0       7        0.0%
BITBANK0            A0      0       0       4        0.0%
BANK0               A0      0       0       5        0.0%
BITCOMRAM           5F      0       0       0        0.0%
COMRAM              5F      3      1B       1       28.4%
BITSFR               0      0       0     200        0.0%
SFR                  0      0       0     200        0.0%
STACK                0      0       0       2        0.0%
NULL                 0      0       0       0        0.0%
ABS                  0      0      1B      20        0.0%
DATA                 0      0      1B       3        0.0%
CODE                 0      0       0       0        0.0%


Microchip Technology PIC18 Macro Assembler V1.41 build -162212810 
Symbol Table                                                                                   Fri Sep 11 11:15:32 2020

                    u397 08A0                      wreg 000FE8                     l1156 089A  
                   l1164 087A                     l1158 08AA                     STR_1 0829  
                   _LATB 000F8A                     _main 086C                     fsr1l 000FE1  
                   start 0000             ___param_bank 000000                    ?_main 0019  
                  _PORTB 000F81                    _TRISB 000F93          __end_of_dpowers 0829  
                  tablat 000FF5                    status 000FD8          __initialization 0836  
           __end_of_main 0898                   ??_main 001C            __activetblptr 000002  
                 _ADCON1 000FC1         __end_of_delay_ms 08BA                   clear_0 085C  
           __pdataCOMRAM 0012             __mediumconst 0000                   tblptrh 000FF7  
                 tblptrl 000FF6                   tblptru 000FF8               __accesstop 0060  
__end_of__initialization 0862            ___rparam_used 000001           __pcstackCOMRAM 0019  
              ?_delay_ms 0019                  __Hparam 0000                  __Lparam 0000  
           __psmallconst 0800                  __pcinit 0836                  __ramtop 0800  
                __ptext0 086C                  __ptext1 0898                  _dpowers 0801  
             ??_delay_ms 001B     end_of_initialization 0862                  ftoa@buf 0001  
          __Lmediumconst 0000                  postdec1 000FE5                  postinc0 000FEE  
              _PORTBbits 000F81                _PORTDbits 000F83                _TRISDbits 000F95  
          __pidataCOMRAM 08BA      start_initialization 0836              __pbssCOMRAM 0001  
      __size_of_delay_ms 0022   EscreveInteiroLCD@F4004 0012              __smallconst 0800  
              copy_data0 084A    delay_ms@tempodeatraso 0019                 __Hrparam 0000  
               __Lrparam 0000                 _delay_ms 0898            __size_of_main 002C  
